{"C:\\Users\\raksh\\Desktop\\Brideglabz_projects\\book_store\\src\\store.ts": {"path":"C:\\Users\\raksh\\Desktop\\Brideglabz_projects\\book_store\\src\\store.ts","statementMap":{"0":{"start":{"line":6,"column":22},"end":{"line":9,"column":1}},"1":{"start":{"line":11,"column":25},"end":{"line":11,"column":67}},"2":{"start":{"line":13,"column":21},"end":{"line":18,"column":2}},"3":{"start":{"line":15,"column":42},"end":{"line":17,"column":6}},"4":{"start":{"line":22,"column":25},"end":{"line":22,"column":44}}},"fnMap":{"0":{"name":"(anonymous_0)","decl":{"start":{"line":15,"column":16},"end":{"line":15,"column":17}},"loc":{"start":{"line":15,"column":42},"end":{"line":17,"column":6}},"line":15}},"branchMap":{},"s":{"0":1,"1":1,"2":1,"3":1,"4":1},"f":{"0":1},"b":{},"_coverageSchema":"1a1c01bbd47fc00a2c39e90264f33305004495a9","hash":"1629e508bd4f03738b7c726717c8f1c50e1a49dd"}
,"C:\\Users\\raksh\\Desktop\\Brideglabz_projects\\book_store\\src\\api\\bookApi.ts": {"path":"C:\\Users\\raksh\\Desktop\\Brideglabz_projects\\book_store\\src\\api\\bookApi.ts","statementMap":{"0":{"start":{"line":4,"column":17},"end":{"line":4,"column":77}},"1":{"start":{"line":6,"column":24},"end":{"line":13,"column":1}},"2":{"start":{"line":7,"column":4},"end":{"line":12,"column":5}},"3":{"start":{"line":8,"column":25},"end":{"line":8,"column":74}},"4":{"start":{"line":9,"column":8},"end":{"line":9,"column":23}},"5":{"start":{"line":11,"column":8},"end":{"line":11,"column":17}},"6":{"start":{"line":15,"column":27},"end":{"line":24,"column":1}},"7":{"start":{"line":16,"column":4},"end":{"line":23,"column":5}},"8":{"start":{"line":17,"column":22},"end":{"line":17,"column":51}},"9":{"start":{"line":18,"column":25},"end":{"line":18,"column":131}},"10":{"start":{"line":19,"column":8},"end":{"line":19,"column":23}},"11":{"start":{"line":21,"column":8},"end":{"line":21,"column":60}},"12":{"start":{"line":22,"column":8},"end":{"line":22,"column":17}},"13":{"start":{"line":26,"column":30},"end":{"line":35,"column":1}},"14":{"start":{"line":27,"column":4},"end":{"line":34,"column":5}},"15":{"start":{"line":28,"column":22},"end":{"line":28,"column":51}},"16":{"start":{"line":29,"column":25},"end":{"line":29,"column":140}},"17":{"start":{"line":30,"column":8},"end":{"line":30,"column":23}},"18":{"start":{"line":32,"column":8},"end":{"line":32,"column":60}},"19":{"start":{"line":33,"column":8},"end":{"line":33,"column":17}},"20":{"start":{"line":37,"column":27},"end":{"line":46,"column":1}},"21":{"start":{"line":38,"column":4},"end":{"line":45,"column":5}},"22":{"start":{"line":39,"column":22},"end":{"line":39,"column":51}},"23":{"start":{"line":40,"column":25},"end":{"line":40,"column":121}},"24":{"start":{"line":41,"column":8},"end":{"line":41,"column":23}},"25":{"start":{"line":43,"column":8},"end":{"line":43,"column":60}},"26":{"start":{"line":44,"column":8},"end":{"line":44,"column":17}},"27":{"start":{"line":48,"column":28},"end":{"line":57,"column":1}},"28":{"start":{"line":49,"column":4},"end":{"line":56,"column":5}},"29":{"start":{"line":50,"column":22},"end":{"line":50,"column":51}},"30":{"start":{"line":51,"column":25},"end":{"line":51,"column":131}},"31":{"start":{"line":52,"column":8},"end":{"line":52,"column":23}},"32":{"start":{"line":54,"column":8},"end":{"line":54,"column":56}},"33":{"start":{"line":55,"column":8},"end":{"line":55,"column":17}},"34":{"start":{"line":59,"column":27},"end":{"line":68,"column":1}},"35":{"start":{"line":60,"column":4},"end":{"line":67,"column":5}},"36":{"start":{"line":61,"column":22},"end":{"line":61,"column":51}},"37":{"start":{"line":62,"column":25},"end":{"line":62,"column":115}},"38":{"start":{"line":63,"column":8},"end":{"line":63,"column":23}},"39":{"start":{"line":65,"column":8},"end":{"line":65,"column":60}},"40":{"start":{"line":66,"column":8},"end":{"line":66,"column":17}},"41":{"start":{"line":70,"column":30},"end":{"line":79,"column":1}},"42":{"start":{"line":71,"column":4},"end":{"line":78,"column":5}},"43":{"start":{"line":72,"column":22},"end":{"line":72,"column":51}},"44":{"start":{"line":73,"column":25},"end":{"line":73,"column":136}},"45":{"start":{"line":74,"column":8},"end":{"line":74,"column":23}},"46":{"start":{"line":76,"column":8},"end":{"line":76,"column":60}},"47":{"start":{"line":77,"column":8},"end":{"line":77,"column":17}},"48":{"start":{"line":82,"column":30},"end":{"line":91,"column":1}},"49":{"start":{"line":83,"column":4},"end":{"line":90,"column":5}},"50":{"start":{"line":84,"column":22},"end":{"line":84,"column":51}},"51":{"start":{"line":85,"column":25},"end":{"line":85,"column":153}},"52":{"start":{"line":86,"column":8},"end":{"line":86,"column":23}},"53":{"start":{"line":88,"column":8},"end":{"line":88,"column":60}},"54":{"start":{"line":89,"column":8},"end":{"line":89,"column":17}},"55":{"start":{"line":93,"column":24},"end":{"line":110,"column":1}},"56":{"start":{"line":99,"column":4},"end":{"line":109,"column":5}},"57":{"start":{"line":100,"column":22},"end":{"line":100,"column":51}},"58":{"start":{"line":102,"column":25},"end":{"line":102,"column":126}},"59":{"start":{"line":103,"column":8},"end":{"line":103,"column":23}},"60":{"start":{"line":107,"column":8},"end":{"line":107,"column":59}},"61":{"start":{"line":108,"column":8},"end":{"line":108,"column":20}},"62":{"start":{"line":113,"column":30},"end":{"line":122,"column":1}},"63":{"start":{"line":114,"column":4},"end":{"line":121,"column":5}},"64":{"start":{"line":115,"column":22},"end":{"line":115,"column":51}},"65":{"start":{"line":116,"column":25},"end":{"line":116,"column":119}},"66":{"start":{"line":117,"column":8},"end":{"line":117,"column":23}},"67":{"start":{"line":119,"column":8},"end":{"line":119,"column":57}},"68":{"start":{"line":120,"column":8},"end":{"line":120,"column":17}},"69":{"start":{"line":125,"column":29},"end":{"line":134,"column":1}},"70":{"start":{"line":126,"column":4},"end":{"line":133,"column":5}},"71":{"start":{"line":127,"column":22},"end":{"line":127,"column":51}},"72":{"start":{"line":128,"column":25},"end":{"line":128,"column":137}},"73":{"start":{"line":129,"column":8},"end":{"line":129,"column":23}},"74":{"start":{"line":131,"column":8},"end":{"line":131,"column":55}},"75":{"start":{"line":132,"column":8},"end":{"line":132,"column":17}}},"fnMap":{"0":{"name":"(anonymous_0)","decl":{"start":{"line":6,"column":24},"end":{"line":6,"column":25}},"loc":{"start":{"line":6,"column":36},"end":{"line":13,"column":1}},"line":6},"1":{"name":"(anonymous_1)","decl":{"start":{"line":15,"column":27},"end":{"line":15,"column":28}},"loc":{"start":{"line":15,"column":65},"end":{"line":24,"column":1}},"line":15},"2":{"name":"(anonymous_2)","decl":{"start":{"line":26,"column":30},"end":{"line":26,"column":31}},"loc":{"start":{"line":26,"column":68},"end":{"line":35,"column":1}},"line":26},"3":{"name":"(anonymous_3)","decl":{"start":{"line":37,"column":27},"end":{"line":37,"column":28}},"loc":{"start":{"line":37,"column":39},"end":{"line":46,"column":1}},"line":37},"4":{"name":"(anonymous_4)","decl":{"start":{"line":48,"column":28},"end":{"line":48,"column":29}},"loc":{"start":{"line":48,"column":66},"end":{"line":57,"column":1}},"line":48},"5":{"name":"(anonymous_5)","decl":{"start":{"line":59,"column":27},"end":{"line":59,"column":28}},"loc":{"start":{"line":59,"column":39},"end":{"line":68,"column":1}},"line":59},"6":{"name":"(anonymous_6)","decl":{"start":{"line":70,"column":30},"end":{"line":70,"column":31}},"loc":{"start":{"line":70,"column":68},"end":{"line":79,"column":1}},"line":70},"7":{"name":"(anonymous_7)","decl":{"start":{"line":82,"column":30},"end":{"line":82,"column":31}},"loc":{"start":{"line":82,"column":86},"end":{"line":91,"column":1}},"line":82},"8":{"name":"(anonymous_8)","decl":{"start":{"line":93,"column":24},"end":{"line":93,"column":25}},"loc":{"start":{"line":98,"column":8},"end":{"line":110,"column":1}},"line":98},"9":{"name":"(anonymous_9)","decl":{"start":{"line":113,"column":30},"end":{"line":113,"column":31}},"loc":{"start":{"line":113,"column":68},"end":{"line":122,"column":1}},"line":113},"10":{"name":"(anonymous_10)","decl":{"start":{"line":125,"column":29},"end":{"line":125,"column":30}},"loc":{"start":{"line":125,"column":100},"end":{"line":134,"column":1}},"line":125}},"branchMap":{},"s":{"0":1,"1":1,"2":0,"3":0,"4":0,"5":0,"6":1,"7":0,"8":0,"9":0,"10":0,"11":0,"12":0,"13":1,"14":0,"15":0,"16":0,"17":0,"18":0,"19":0,"20":1,"21":0,"22":0,"23":0,"24":0,"25":0,"26":0,"27":1,"28":0,"29":0,"30":0,"31":0,"32":0,"33":0,"34":1,"35":0,"36":0,"37":0,"38":0,"39":0,"40":0,"41":1,"42":0,"43":0,"44":0,"45":0,"46":0,"47":0,"48":1,"49":0,"50":0,"51":0,"52":0,"53":0,"54":0,"55":1,"56":0,"57":0,"58":0,"59":0,"60":0,"61":0,"62":1,"63":0,"64":0,"65":0,"66":0,"67":0,"68":0,"69":1,"70":0,"71":0,"72":0,"73":0,"74":0,"75":0},"f":{"0":0,"1":0,"2":0,"3":0,"4":0,"5":0,"6":0,"7":0,"8":0,"9":0,"10":0},"b":{},"_coverageSchema":"1a1c01bbd47fc00a2c39e90264f33305004495a9","hash":"4d244321ebb2b107939a57175a567d01d9ceb83d"}
,"C:\\Users\\raksh\\Desktop\\Brideglabz_projects\\book_store\\src\\components\\Common\\Header.tsx": {"path":"C:\\Users\\raksh\\Desktop\\Brideglabz_projects\\book_store\\src\\components\\Common\\Header.tsx","statementMap":{"0":{"start":{"line":21,"column":15},"end":{"line":105,"column":1}},"1":{"start":{"line":23,"column":21},"end":{"line":23,"column":34}},"2":{"start":{"line":24,"column":21},"end":{"line":24,"column":34}},"3":{"start":{"line":26,"column":47},"end":{"line":26,"column":72}},"4":{"start":{"line":28,"column":21},"end":{"line":28,"column":66}},"5":{"start":{"line":28,"column":55},"end":{"line":28,"column":65}},"6":{"start":{"line":29,"column":25},"end":{"line":29,"column":74}},"7":{"start":{"line":29,"column":59},"end":{"line":29,"column":73}},"8":{"start":{"line":31,"column":37},"end":{"line":36,"column":5}},"9":{"start":{"line":32,"column":8},"end":{"line":34,"column":10}},"10":{"start":{"line":33,"column":12},"end":{"line":33,"column":42}},"11":{"start":{"line":35,"column":8},"end":{"line":35,"column":29}},"12":{"start":{"line":38,"column":41},"end":{"line":43,"column":5}},"13":{"start":{"line":39,"column":8},"end":{"line":41,"column":10}},"14":{"start":{"line":40,"column":12},"end":{"line":40,"column":42}},"15":{"start":{"line":42,"column":8},"end":{"line":42,"column":33}},"16":{"start":{"line":45,"column":19},"end":{"line":53,"column":5}},"17":{"start":{"line":46,"column":8},"end":{"line":46,"column":34}},"18":{"start":{"line":47,"column":8},"end":{"line":47,"column":38}},"19":{"start":{"line":48,"column":8},"end":{"line":48,"column":40}},"20":{"start":{"line":49,"column":8},"end":{"line":49,"column":39}},"21":{"start":{"line":50,"column":8},"end":{"line":50,"column":25}},"22":{"start":{"line":51,"column":8},"end":{"line":51,"column":21}},"23":{"start":{"line":52,"column":8},"end":{"line":52,"column":48}},"24":{"start":{"line":55,"column":4},"end":{"line":104,"column":5}},"25":{"start":{"line":71,"column":56},"end":{"line":71,"column":86}}},"fnMap":{"0":{"name":"(anonymous_0)","decl":{"start":{"line":21,"column":15},"end":{"line":21,"column":16}},"loc":{"start":{"line":21,"column":47},"end":{"line":105,"column":1}},"line":21},"1":{"name":"(anonymous_1)","decl":{"start":{"line":28,"column":33},"end":{"line":28,"column":34}},"loc":{"start":{"line":28,"column":55},"end":{"line":28,"column":65}},"line":28},"2":{"name":"(anonymous_2)","decl":{"start":{"line":29,"column":37},"end":{"line":29,"column":38}},"loc":{"start":{"line":29,"column":59},"end":{"line":29,"column":73}},"line":29},"3":{"name":"(anonymous_3)","decl":{"start":{"line":31,"column":37},"end":{"line":31,"column":38}},"loc":{"start":{"line":31,"column":43},"end":{"line":36,"column":5}},"line":31},"4":{"name":"(anonymous_4)","decl":{"start":{"line":32,"column":21},"end":{"line":32,"column":22}},"loc":{"start":{"line":32,"column":37},"end":{"line":34,"column":9}},"line":32},"5":{"name":"(anonymous_5)","decl":{"start":{"line":38,"column":41},"end":{"line":38,"column":42}},"loc":{"start":{"line":38,"column":47},"end":{"line":43,"column":5}},"line":38},"6":{"name":"(anonymous_6)","decl":{"start":{"line":39,"column":25},"end":{"line":39,"column":26}},"loc":{"start":{"line":39,"column":41},"end":{"line":41,"column":9}},"line":39},"7":{"name":"(anonymous_7)","decl":{"start":{"line":45,"column":19},"end":{"line":45,"column":20}},"loc":{"start":{"line":45,"column":25},"end":{"line":53,"column":5}},"line":45},"8":{"name":"(anonymous_8)","decl":{"start":{"line":71,"column":49},"end":{"line":71,"column":50}},"loc":{"start":{"line":71,"column":56},"end":{"line":71,"column":86}},"line":71}},"branchMap":{"0":{"loc":{"start":{"line":66,"column":24},"end":{"line":73,"column":25}},"type":"binary-expr","locations":[{"start":{"line":66,"column":24},"end":{"line":66,"column":44}},{"start":{"line":67,"column":28},"end":{"line":72,"column":34}}],"line":66},"1":{"loc":{"start":{"line":77,"column":20},"end":{"line":100,"column":21}},"type":"binary-expr","locations":[{"start":{"line":77,"column":20},"end":{"line":77,"column":40}},{"start":{"line":78,"column":24},"end":{"line":99,"column":30}}],"line":77},"2":{"loc":{"start":{"line":90,"column":41},"end":{"line":94,"column":41}},"type":"binary-expr","locations":[{"start":{"line":90,"column":41},"end":{"line":90,"column":56}},{"start":{"line":91,"column":44},"end":{"line":93,"column":50}}],"line":90}},"s":{"0":1,"1":1,"2":1,"3":1,"4":1,"5":2,"6":1,"7":2,"8":1,"9":0,"10":0,"11":0,"12":1,"13":0,"14":0,"15":0,"16":1,"17":0,"18":0,"19":0,"20":0,"21":0,"22":0,"23":0,"24":1,"25":0},"f":{"0":1,"1":2,"2":2,"3":0,"4":0,"5":0,"6":0,"7":0,"8":0},"b":{"0":[1,1],"1":[1,1],"2":[1,0]},"_coverageSchema":"1a1c01bbd47fc00a2c39e90264f33305004495a9","hash":"1dd325f0135cd05344ae6ee682342270bf32bd0c"}
,"C:\\Users\\raksh\\Desktop\\Brideglabz_projects\\book_store\\src\\components\\Common\\ProfileDropdown.tsx": {"path":"C:\\Users\\raksh\\Desktop\\Brideglabz_projects\\book_store\\src\\components\\Common\\ProfileDropdown.tsx","statementMap":{"0":{"start":{"line":9,"column":42},"end":{"line":9,"column":71}},"1":{"start":{"line":10,"column":28},"end":{"line":10,"column":43}},"2":{"start":{"line":13,"column":4},"end":{"line":28,"column":11}},"3":{"start":{"line":15,"column":8},"end":{"line":15,"column":53}},"4":{"start":{"line":17,"column":36},"end":{"line":19,"column":9}},"5":{"start":{"line":18,"column":12},"end":{"line":18,"column":57}},"6":{"start":{"line":22,"column":8},"end":{"line":22,"column":64}},"7":{"start":{"line":25,"column":8},"end":{"line":27,"column":10}},"8":{"start":{"line":26,"column":12},"end":{"line":26,"column":71}},"9":{"start":{"line":31,"column":25},"end":{"line":35,"column":5}},"10":{"start":{"line":32,"column":8},"end":{"line":32,"column":17}},"11":{"start":{"line":33,"column":8},"end":{"line":33,"column":29}},"12":{"start":{"line":34,"column":8},"end":{"line":34,"column":23}},"13":{"start":{"line":38,"column":8},"end":{"line":52,"column":14}},"14":{"start":{"line":56,"column":8},"end":{"line":68,"column":14}},"15":{"start":{"line":71,"column":4},"end":{"line":86,"column":6}}},"fnMap":{"0":{"name":"ProfileDropdown","decl":{"start":{"line":8,"column":9},"end":{"line":8,"column":24}},"loc":{"start":{"line":8,"column":49},"end":{"line":87,"column":1}},"line":8},"1":{"name":"(anonymous_1)","decl":{"start":{"line":13,"column":14},"end":{"line":13,"column":15}},"loc":{"start":{"line":13,"column":20},"end":{"line":28,"column":5}},"line":13},"2":{"name":"(anonymous_2)","decl":{"start":{"line":17,"column":36},"end":{"line":17,"column":37}},"loc":{"start":{"line":17,"column":42},"end":{"line":19,"column":9}},"line":17},"3":{"name":"(anonymous_3)","decl":{"start":{"line":25,"column":15},"end":{"line":25,"column":16}},"loc":{"start":{"line":25,"column":21},"end":{"line":27,"column":9}},"line":25},"4":{"name":"(anonymous_4)","decl":{"start":{"line":31,"column":25},"end":{"line":31,"column":26}},"loc":{"start":{"line":31,"column":31},"end":{"line":35,"column":5}},"line":31}},"branchMap":{"0":{"loc":{"start":{"line":74,"column":21},"end":{"line":74,"column":65}},"type":"cond-expr","locations":[{"start":{"line":74,"column":35},"end":{"line":74,"column":50}},{"start":{"line":74,"column":53},"end":{"line":74,"column":65}}],"line":74},"1":{"loc":{"start":{"line":83,"column":72},"end":{"line":83,"column":96}},"type":"binary-expr","locations":[{"start":{"line":83,"column":72},"end":{"line":83,"column":83}},{"start":{"line":83,"column":87},"end":{"line":83,"column":96}}],"line":83}},"s":{"0":1,"1":1,"2":1,"3":1,"4":1,"5":0,"6":1,"7":1,"8":1,"9":1,"10":0,"11":0,"12":0,"13":1,"14":1,"15":1},"f":{"0":1,"1":1,"2":0,"3":1,"4":0},"b":{"0":[0,1],"1":[1,1]},"_coverageSchema":"1a1c01bbd47fc00a2c39e90264f33305004495a9","hash":"3cab87efe087d0745682f8990ddc93aa53a47c68"}
,"C:\\Users\\raksh\\Desktop\\Brideglabz_projects\\book_store\\src\\context\\SearchProvider.tsx": {"path":"C:\\Users\\raksh\\Desktop\\Brideglabz_projects\\book_store\\src\\context\\SearchProvider.tsx","statementMap":{"0":{"start":{"line":3,"column":29},"end":{"line":3,"column":46}},"1":{"start":{"line":9,"column":23},"end":{"line":26,"column":1}},"2":{"start":{"line":11,"column":42},"end":{"line":11,"column":54}},"3":{"start":{"line":12,"column":38},"end":{"line":12,"column":50}},"4":{"start":{"line":14,"column":18},"end":{"line":19,"column":5}},"5":{"start":{"line":21,"column":4},"end":{"line":25,"column":5}}},"fnMap":{"0":{"name":"(anonymous_0)","decl":{"start":{"line":9,"column":23},"end":{"line":9,"column":24}},"loc":{"start":{"line":9,"column":58},"end":{"line":26,"column":1}},"line":9}},"branchMap":{},"s":{"0":1,"1":1,"2":0,"3":0,"4":0,"5":0},"f":{"0":0},"b":{},"_coverageSchema":"1a1c01bbd47fc00a2c39e90264f33305004495a9","hash":"e2d187280f49e4ef68a3715c49c13f05ef2bd18f"}
,"C:\\Users\\raksh\\Desktop\\Brideglabz_projects\\book_store\\src\\services\\apiConnector.ts": {"path":"C:\\Users\\raksh\\Desktop\\Brideglabz_projects\\book_store\\src\\services\\apiConnector.ts","statementMap":{"0":{"start":{"line":3,"column":22},"end":{"line":3,"column":38}},"1":{"start":{"line":5,"column":0},"end":{"line":17,"column":1}},"2":{"start":{"line":7,"column":22},"end":{"line":7,"column":51}},"3":{"start":{"line":8,"column":8},"end":{"line":10,"column":9}},"4":{"start":{"line":9,"column":12},"end":{"line":9,"column":61}},"5":{"start":{"line":11,"column":8},"end":{"line":11,"column":22}},"6":{"start":{"line":14,"column":8},"end":{"line":14,"column":54}},"7":{"start":{"line":15,"column":8},"end":{"line":15,"column":37}},"8":{"start":{"line":19,"column":28},"end":{"line":29,"column":1}},"9":{"start":{"line":20,"column":4},"end":{"line":28,"column":6}}},"fnMap":{"0":{"name":"(anonymous_0)","decl":{"start":{"line":6,"column":4},"end":{"line":6,"column":5}},"loc":{"start":{"line":6,"column":16},"end":{"line":12,"column":5}},"line":6},"1":{"name":"(anonymous_1)","decl":{"start":{"line":13,"column":4},"end":{"line":13,"column":5}},"loc":{"start":{"line":13,"column":15},"end":{"line":16,"column":5}},"line":13},"2":{"name":"(anonymous_2)","decl":{"start":{"line":19,"column":28},"end":{"line":19,"column":29}},"loc":{"start":{"line":19,"column":112},"end":{"line":29,"column":1}},"line":19}},"branchMap":{"0":{"loc":{"start":{"line":8,"column":8},"end":{"line":10,"column":9}},"type":"if","locations":[{"start":{"line":8,"column":8},"end":{"line":10,"column":9}},{"start":{},"end":{}}],"line":8},"1":{"loc":{"start":{"line":23,"column":14},"end":{"line":23,"column":31}},"type":"binary-expr","locations":[{"start":{"line":23,"column":14},"end":{"line":23,"column":18}},{"start":{"line":23,"column":22},"end":{"line":23,"column":31}}],"line":23}},"s":{"0":1,"1":1,"2":0,"3":0,"4":0,"5":0,"6":0,"7":0,"8":1,"9":0},"f":{"0":0,"1":0,"2":0},"b":{"0":[0,0],"1":[0,0]},"_coverageSchema":"1a1c01bbd47fc00a2c39e90264f33305004495a9","hash":"c83d45a36282202af6ab35b8e198575884635e65"}
,"C:\\Users\\raksh\\Desktop\\Brideglabz_projects\\book_store\\src\\services\\slice\\bookSlice.ts": {"path":"C:\\Users\\raksh\\Desktop\\Brideglabz_projects\\book_store\\src\\services\\slice\\bookSlice.ts","statementMap":{"0":{"start":{"line":15,"column":21},"end":{"line":18,"column":1}},"1":{"start":{"line":20,"column":18},"end":{"line":34,"column":2}},"2":{"start":{"line":25,"column":12},"end":{"line":25,"column":44}},"3":{"start":{"line":28,"column":12},"end":{"line":28,"column":32}},"4":{"start":{"line":31,"column":12},"end":{"line":31,"column":43}},"5":{"start":{"line":36,"column":58},"end":{"line":36,"column":75}}},"fnMap":{"0":{"name":"(anonymous_0)","decl":{"start":{"line":24,"column":8},"end":{"line":24,"column":9}},"loc":{"start":{"line":24,"column":35},"end":{"line":26,"column":9}},"line":24},"1":{"name":"(anonymous_1)","decl":{"start":{"line":27,"column":8},"end":{"line":27,"column":9}},"loc":{"start":{"line":27,"column":29},"end":{"line":29,"column":9}},"line":27},"2":{"name":"(anonymous_2)","decl":{"start":{"line":30,"column":8},"end":{"line":30,"column":9}},"loc":{"start":{"line":30,"column":34},"end":{"line":32,"column":9}},"line":30}},"branchMap":{},"s":{"0":1,"1":1,"2":0,"3":0,"4":0,"5":1},"f":{"0":0,"1":0,"2":0},"b":{},"_coverageSchema":"1a1c01bbd47fc00a2c39e90264f33305004495a9","hash":"d70b1aef9a284fb552d8c60e9c81c22776fd29ad"}
,"C:\\Users\\raksh\\Desktop\\Brideglabz_projects\\book_store\\src\\services\\slice\\cartSlice.ts": {"path":"C:\\Users\\raksh\\Desktop\\Brideglabz_projects\\book_store\\src\\services\\slice\\cartSlice.ts","statementMap":{"0":{"start":{"line":17,"column":21},"end":{"line":20,"column":1}},"1":{"start":{"line":22,"column":18},"end":{"line":67,"column":2}},"2":{"start":{"line":27,"column":12},"end":{"line":27,"column":40}},"3":{"start":{"line":30,"column":25},"end":{"line":30,"column":39}},"4":{"start":{"line":31,"column":26},"end":{"line":31,"column":79}},"5":{"start":{"line":31,"column":57},"end":{"line":31,"column":78}},"6":{"start":{"line":32,"column":12},"end":{"line":34,"column":13}},"7":{"start":{"line":33,"column":16},"end":{"line":33,"column":45}},"8":{"start":{"line":37,"column":12},"end":{"line":37,"column":41}},"9":{"start":{"line":39,"column":26},"end":{"line":39,"column":85}},"10":{"start":{"line":39,"column":57},"end":{"line":39,"column":84}},"11":{"start":{"line":40,"column":12},"end":{"line":42,"column":13}},"12":{"start":{"line":41,"column":16},"end":{"line":41,"column":44}},"13":{"start":{"line":46,"column":26},"end":{"line":46,"column":85}},"14":{"start":{"line":46,"column":57},"end":{"line":46,"column":84}},"15":{"start":{"line":47,"column":12},"end":{"line":49,"column":13}},"16":{"start":{"line":48,"column":16},"end":{"line":48,"column":53}},"17":{"start":{"line":53,"column":26},"end":{"line":53,"column":85}},"18":{"start":{"line":53,"column":57},"end":{"line":53,"column":84}},"19":{"start":{"line":54,"column":12},"end":{"line":54,"column":39}},"20":{"start":{"line":55,"column":12},"end":{"line":57,"column":13}},"21":{"start":{"line":56,"column":16},"end":{"line":56,"column":53}},"22":{"start":{"line":60,"column":12},"end":{"line":60,"column":34}},"23":{"start":{"line":61,"column":12},"end":{"line":61,"column":47}},"24":{"start":{"line":64,"column":12},"end":{"line":64,"column":47}},"25":{"start":{"line":69,"column":126},"end":{"line":69,"column":143}}},"fnMap":{"0":{"name":"(anonymous_0)","decl":{"start":{"line":26,"column":8},"end":{"line":26,"column":9}},"loc":{"start":{"line":26,"column":31},"end":{"line":28,"column":9}},"line":26},"1":{"name":"(anonymous_1)","decl":{"start":{"line":29,"column":8},"end":{"line":29,"column":9}},"loc":{"start":{"line":29,"column":40},"end":{"line":35,"column":9}},"line":29},"2":{"name":"(anonymous_2)","decl":{"start":{"line":31,"column":47},"end":{"line":31,"column":48}},"loc":{"start":{"line":31,"column":57},"end":{"line":31,"column":78}},"line":31},"3":{"name":"(anonymous_3)","decl":{"start":{"line":36,"column":8},"end":{"line":36,"column":9}},"loc":{"start":{"line":36,"column":38},"end":{"line":43,"column":9}},"line":36},"4":{"name":"(anonymous_4)","decl":{"start":{"line":39,"column":47},"end":{"line":39,"column":48}},"loc":{"start":{"line":39,"column":57},"end":{"line":39,"column":84}},"line":39},"5":{"name":"(anonymous_5)","decl":{"start":{"line":44,"column":8},"end":{"line":44,"column":9}},"loc":{"start":{"line":44,"column":41},"end":{"line":50,"column":9}},"line":44},"6":{"name":"(anonymous_6)","decl":{"start":{"line":46,"column":47},"end":{"line":46,"column":48}},"loc":{"start":{"line":46,"column":57},"end":{"line":46,"column":84}},"line":46},"7":{"name":"(anonymous_7)","decl":{"start":{"line":51,"column":8},"end":{"line":51,"column":9}},"loc":{"start":{"line":51,"column":41},"end":{"line":58,"column":9}},"line":51},"8":{"name":"(anonymous_8)","decl":{"start":{"line":53,"column":47},"end":{"line":53,"column":48}},"loc":{"start":{"line":53,"column":57},"end":{"line":53,"column":84}},"line":53},"9":{"name":"(anonymous_9)","decl":{"start":{"line":59,"column":8},"end":{"line":59,"column":9}},"loc":{"start":{"line":59,"column":25},"end":{"line":62,"column":9}},"line":59},"10":{"name":"(anonymous_10)","decl":{"start":{"line":63,"column":8},"end":{"line":63,"column":9}},"loc":{"start":{"line":63,"column":38},"end":{"line":65,"column":9}},"line":63}},"branchMap":{"0":{"loc":{"start":{"line":32,"column":12},"end":{"line":34,"column":13}},"type":"if","locations":[{"start":{"line":32,"column":12},"end":{"line":34,"column":13}},{"start":{},"end":{}}],"line":32},"1":{"loc":{"start":{"line":40,"column":12},"end":{"line":42,"column":13}},"type":"if","locations":[{"start":{"line":40,"column":12},"end":{"line":42,"column":13}},{"start":{},"end":{}}],"line":40},"2":{"loc":{"start":{"line":47,"column":12},"end":{"line":49,"column":13}},"type":"if","locations":[{"start":{"line":47,"column":12},"end":{"line":49,"column":13}},{"start":{},"end":{}}],"line":47},"3":{"loc":{"start":{"line":55,"column":12},"end":{"line":57,"column":13}},"type":"if","locations":[{"start":{"line":55,"column":12},"end":{"line":57,"column":13}},{"start":{},"end":{}}],"line":55}},"s":{"0":1,"1":1,"2":0,"3":0,"4":0,"5":0,"6":0,"7":0,"8":0,"9":0,"10":0,"11":0,"12":0,"13":0,"14":0,"15":0,"16":0,"17":0,"18":0,"19":0,"20":0,"21":0,"22":0,"23":0,"24":0,"25":1},"f":{"0":0,"1":0,"2":0,"3":0,"4":0,"5":0,"6":0,"7":0,"8":0,"9":0,"10":0},"b":{"0":[0,0],"1":[0,0],"2":[0,0],"3":[0,0]},"_coverageSchema":"1a1c01bbd47fc00a2c39e90264f33305004495a9","hash":"9196900fc6da255ee758066bcfdcbf0f89d3ed7e"}
,"C:\\Users\\raksh\\Desktop\\Brideglabz_projects\\book_store\\src\\services\\slice\\orderSlice.ts": {"path":"C:\\Users\\raksh\\Desktop\\Brideglabz_projects\\book_store\\src\\services\\slice\\orderSlice.ts","statementMap":{"0":{"start":{"line":3,"column":48},"end":{"line":5,"column":1}},"1":{"start":{"line":7,"column":19},"end":{"line":18,"column":2}},"2":{"start":{"line":12,"column":12},"end":{"line":12,"column":79}},"3":{"start":{"line":15,"column":12},"end":{"line":15,"column":37}},"4":{"start":{"line":20,"column":58},"end":{"line":20,"column":76}}},"fnMap":{"0":{"name":"(anonymous_0)","decl":{"start":{"line":11,"column":8},"end":{"line":11,"column":9}},"loc":{"start":{"line":11,"column":40},"end":{"line":13,"column":9}},"line":11},"1":{"name":"(anonymous_1)","decl":{"start":{"line":14,"column":8},"end":{"line":14,"column":9}},"loc":{"start":{"line":14,"column":34},"end":{"line":16,"column":9}},"line":14}},"branchMap":{},"s":{"0":1,"1":1,"2":0,"3":0,"4":1},"f":{"0":0,"1":0},"b":{},"_coverageSchema":"1a1c01bbd47fc00a2c39e90264f33305004495a9","hash":"0cd47fd90cd223c960ef073f33fe7f67ebfdde29"}
,"C:\\Users\\raksh\\Desktop\\Brideglabz_projects\\book_store\\src\\services\\slice\\rootReducer.ts": {"path":"C:\\Users\\raksh\\Desktop\\Brideglabz_projects\\book_store\\src\\services\\slice\\rootReducer.ts","statementMap":{"0":{"start":{"line":7,"column":20},"end":{"line":12,"column":2}}},"fnMap":{},"branchMap":{},"s":{"0":1},"f":{},"b":{},"_coverageSchema":"1a1c01bbd47fc00a2c39e90264f33305004495a9","hash":"9e53534daf95ed32c0bac42262fbae64ea68743f"}
,"C:\\Users\\raksh\\Desktop\\Brideglabz_projects\\book_store\\src\\services\\slice\\wishlistSlice.ts": {"path":"C:\\Users\\raksh\\Desktop\\Brideglabz_projects\\book_store\\src\\services\\slice\\wishlistSlice.ts","statementMap":{"0":{"start":{"line":14,"column":21},"end":{"line":17,"column":1}},"1":{"start":{"line":19,"column":22},"end":{"line":44,"column":2}},"2":{"start":{"line":24,"column":25},"end":{"line":24,"column":39}},"3":{"start":{"line":25,"column":26},"end":{"line":25,"column":83}},"4":{"start":{"line":25,"column":61},"end":{"line":25,"column":82}},"5":{"start":{"line":26,"column":12},"end":{"line":28,"column":13}},"6":{"start":{"line":27,"column":16},"end":{"line":27,"column":42}},"7":{"start":{"line":31,"column":25},"end":{"line":31,"column":39}},"8":{"start":{"line":32,"column":26},"end":{"line":32,"column":83}},"9":{"start":{"line":32,"column":61},"end":{"line":32,"column":82}},"10":{"start":{"line":33,"column":12},"end":{"line":35,"column":13}},"11":{"start":{"line":34,"column":16},"end":{"line":34,"column":48}},"12":{"start":{"line":38,"column":12},"end":{"line":38,"column":32}},"13":{"start":{"line":41,"column":12},"end":{"line":41,"column":43}},"14":{"start":{"line":46,"column":78},"end":{"line":46,"column":99}}},"fnMap":{"0":{"name":"(anonymous_0)","decl":{"start":{"line":23,"column":8},"end":{"line":23,"column":9}},"loc":{"start":{"line":23,"column":35},"end":{"line":29,"column":9}},"line":23},"1":{"name":"(anonymous_1)","decl":{"start":{"line":25,"column":51},"end":{"line":25,"column":52}},"loc":{"start":{"line":25,"column":61},"end":{"line":25,"column":82}},"line":25},"2":{"name":"(anonymous_2)","decl":{"start":{"line":30,"column":8},"end":{"line":30,"column":9}},"loc":{"start":{"line":30,"column":42},"end":{"line":36,"column":9}},"line":30},"3":{"name":"(anonymous_3)","decl":{"start":{"line":32,"column":51},"end":{"line":32,"column":52}},"loc":{"start":{"line":32,"column":61},"end":{"line":32,"column":82}},"line":32},"4":{"name":"(anonymous_4)","decl":{"start":{"line":37,"column":8},"end":{"line":37,"column":9}},"loc":{"start":{"line":37,"column":29},"end":{"line":39,"column":9}},"line":37},"5":{"name":"(anonymous_5)","decl":{"start":{"line":40,"column":8},"end":{"line":40,"column":9}},"loc":{"start":{"line":40,"column":34},"end":{"line":42,"column":9}},"line":40}},"branchMap":{"0":{"loc":{"start":{"line":26,"column":12},"end":{"line":28,"column":13}},"type":"if","locations":[{"start":{"line":26,"column":12},"end":{"line":28,"column":13}},{"start":{},"end":{}}],"line":26},"1":{"loc":{"start":{"line":33,"column":12},"end":{"line":35,"column":13}},"type":"if","locations":[{"start":{"line":33,"column":12},"end":{"line":35,"column":13}},{"start":{},"end":{}}],"line":33}},"s":{"0":1,"1":1,"2":0,"3":0,"4":0,"5":0,"6":0,"7":0,"8":0,"9":0,"10":0,"11":0,"12":0,"13":0,"14":1},"f":{"0":0,"1":0,"2":0,"3":0,"4":0,"5":0},"b":{"0":[0,0],"1":[0,0]},"_coverageSchema":"1a1c01bbd47fc00a2c39e90264f33305004495a9","hash":"3a6e5501abf83f2e2cc47c46f29f5c43086a04ef"}
}
