TN:
SF:src\store.ts
FN:15,(anonymous_0)
FNF:1
FNH:1
FNDA:3,(anonymous_0)
DA:6,3
DA:11,3
DA:13,3
DA:15,3
DA:22,3
LF:5
LH:5
BRF:0
BRH:0
end_of_record
TN:
SF:src\api\bookApi.ts
FN:5,(anonymous_0)
FN:15,(anonymous_1)
FN:26,(anonymous_2)
FN:37,(anonymous_3)
FN:48,(anonymous_4)
FN:59,(anonymous_5)
FN:70,(anonymous_6)
FN:82,(anonymous_7)
FN:93,(anonymous_8)
FN:111,(anonymous_9)
FN:123,(anonymous_10)
FNF:11
FNH:0
FNDA:0,(anonymous_0)
FNDA:0,(anonymous_1)
FNDA:0,(anonymous_2)
FNDA:0,(anonymous_3)
FNDA:0,(anonymous_4)
FNDA:0,(anonymous_5)
FNDA:0,(anonymous_6)
FNDA:0,(anonymous_7)
FNDA:0,(anonymous_8)
FNDA:0,(anonymous_9)
FNDA:0,(anonymous_10)
DA:3,2
DA:5,2
DA:6,0
DA:7,0
DA:8,0
DA:10,0
DA:11,0
DA:15,2
DA:16,0
DA:17,0
DA:18,0
DA:19,0
DA:21,0
DA:22,0
DA:26,2
DA:27,0
DA:28,0
DA:29,0
DA:30,0
DA:32,0
DA:33,0
DA:37,2
DA:38,0
DA:39,0
DA:40,0
DA:41,0
DA:43,0
DA:44,0
DA:48,2
DA:49,0
DA:50,0
DA:51,0
DA:52,0
DA:54,0
DA:55,0
DA:59,2
DA:60,0
DA:61,0
DA:62,0
DA:63,0
DA:65,0
DA:66,0
DA:70,2
DA:71,0
DA:72,0
DA:73,0
DA:74,0
DA:76,0
DA:77,0
DA:82,2
DA:83,0
DA:84,0
DA:85,0
DA:86,0
DA:88,0
DA:89,0
DA:93,2
DA:99,0
DA:100,0
DA:102,0
DA:103,0
DA:105,0
DA:106,0
DA:111,2
DA:112,0
DA:113,0
DA:114,0
DA:115,0
DA:117,0
DA:118,0
DA:123,2
DA:124,0
DA:125,0
DA:126,0
DA:127,0
DA:129,0
DA:130,0
LF:77
LH:12
BRF:0
BRH:0
end_of_record
TN:
SF:src\components\Auth\AuthTemplate.tsx
FN:12,AuthTemplate
FN:34,(anonymous_1)
FN:48,(anonymous_2)
FN:90,(anonymous_3)
FN:208,(anonymous_4)
FN:214,(anonymous_5)
FN:265,(anonymous_6)
FN:270,(anonymous_7)
FNF:8
FNH:4
FNDA:36,AuthTemplate
FNDA:18,(anonymous_1)
FNDA:6,(anonymous_2)
FNDA:6,(anonymous_3)
FNDA:0,(anonymous_4)
FNDA:0,(anonymous_5)
FNDA:0,(anonymous_6)
FNDA:0,(anonymous_7)
DA:13,36
DA:15,36
DA:16,36
DA:18,36
DA:27,36
DA:34,36
DA:35,18
DA:36,18
DA:40,18
DA:41,0
DA:48,36
DA:49,6
DA:50,6
DA:57,6
DA:58,1
DA:59,1
DA:62,6
DA:63,2
DA:64,2
DA:65,4
DA:66,2
DA:67,2
DA:70,6
DA:71,2
DA:72,2
DA:73,4
DA:74,0
DA:75,0
DA:78,6
DA:79,1
DA:80,1
DA:81,5
DA:82,1
DA:83,1
DA:86,6
DA:87,6
DA:90,36
DA:91,6
DA:93,6
DA:94,1
DA:95,1
DA:96,0
DA:97,0
DA:98,0
DA:99,0
DA:100,0
DA:101,0
DA:102,0
DA:105,0
DA:107,1
DA:108,1
DA:109,1
DA:116,0
DA:117,0
DA:118,0
DA:120,0
DA:123,1
DA:126,1
DA:127,1
DA:135,36
DA:208,0
DA:214,0
DA:265,0
DA:270,0
LF:64
LH:45
BRDA:40,0,0,0
BRDA:40,0,1,18
BRDA:57,1,0,1
BRDA:57,1,1,5
BRDA:57,2,0,6
BRDA:57,2,1,3
BRDA:62,3,0,2
BRDA:62,3,1,4
BRDA:65,4,0,2
BRDA:65,4,1,2
BRDA:70,5,0,2
BRDA:70,5,1,4
BRDA:73,6,0,0
BRDA:73,6,1,4
BRDA:78,7,0,1
BRDA:78,7,1,5
BRDA:78,8,0,6
BRDA:78,8,1,3
BRDA:81,9,0,1
BRDA:81,9,1,4
BRDA:81,10,0,5
BRDA:81,10,1,2
BRDA:93,11,0,5
BRDA:93,11,1,1
BRDA:95,12,0,0
BRDA:95,12,1,1
BRDA:98,13,0,0
BRDA:98,13,1,0
BRDA:105,14,0,0
BRDA:105,14,1,0
BRDA:107,15,0,1
BRDA:107,15,1,0
BRDA:116,16,0,0
BRDA:116,16,1,0
BRDA:154,17,0,15
BRDA:154,17,1,21
BRDA:155,18,0,36
BRDA:155,18,1,15
BRDA:160,19,0,21
BRDA:160,19,1,15
BRDA:161,20,0,36
BRDA:161,20,1,21
BRDA:168,21,0,36
BRDA:168,21,1,21
BRDA:180,22,0,21
BRDA:180,22,1,1
BRDA:192,23,0,21
BRDA:192,23,1,1
BRDA:199,24,0,0
BRDA:199,24,1,21
BRDA:205,25,0,0
BRDA:205,25,1,21
BRDA:219,26,0,21
BRDA:219,26,1,1
BRDA:231,27,0,21
BRDA:231,27,1,2
BRDA:238,28,0,36
BRDA:238,28,1,15
BRDA:250,29,0,15
BRDA:250,29,1,3
BRDA:258,30,0,0
BRDA:258,30,1,15
BRDA:263,31,0,0
BRDA:263,31,1,15
BRDA:274,32,0,15
BRDA:274,32,1,1
BRF:66
BRH:52
end_of_record
TN:
SF:src\components\BookDetails\BookDetails.tsx
FN:33,BookDetails
FN:36,(anonymous_1)
FN:37,(anonymous_2)
FN:38,(anonymous_3)
FN:45,(anonymous_4)
FN:51,(anonymous_5)
FN:53,(anonymous_6)
FN:61,(anonymous_7)
FN:73,(anonymous_8)
FN:90,(anonymous_9)
FN:103,(anonymous_10)
FN:104,(anonymous_11)
FN:112,(anonymous_12)
FN:131,(anonymous_13)
FN:145,(anonymous_14)
FN:170,(anonymous_15)
FN:171,(anonymous_16)
FNF:17
FNH:14
FNDA:10,BookDetails
FNDA:16,(anonymous_1)
FNDA:16,(anonymous_2)
FNDA:16,(anonymous_3)
FNDA:10,(anonymous_4)
FNDA:6,(anonymous_5)
FNDA:1,(anonymous_6)
FNDA:6,(anonymous_7)
FNDA:1,(anonymous_8)
FNDA:1,(anonymous_9)
FNDA:6,(anonymous_10)
FNDA:0,(anonymous_11)
FNDA:1,(anonymous_12)
FNDA:0,(anonymous_13)
FNDA:3,(anonymous_14)
FNDA:50,(anonymous_15)
FNDA:0,(anonymous_16)
DA:20,1
DA:34,10
DA:35,10
DA:36,16
DA:37,16
DA:38,16
DA:40,10
DA:42,10
DA:43,10
DA:44,10
DA:45,10
DA:47,10
DA:48,10
DA:49,10
DA:51,10
DA:52,6
DA:53,6
DA:54,6
DA:55,1
DA:56,1
DA:61,10
DA:62,6
DA:63,6
DA:64,6
DA:65,0
DA:68,0
DA:73,10
DA:75,1
DA:76,0
DA:77,0
DA:79,1
DA:80,1
DA:81,1
DA:82,1
DA:83,1
DA:84,1
DA:86,0
DA:90,10
DA:91,1
DA:92,1
DA:93,1
DA:94,1
DA:95,1
DA:96,1
DA:98,0
DA:103,10
DA:104,6
DA:105,6
DA:106,0
DA:107,0
DA:109,6
DA:112,10
DA:113,1
DA:114,1
DA:115,1
DA:117,0
DA:119,0
DA:120,0
DA:121,0
DA:122,0
DA:123,0
DA:124,0
DA:127,0
DA:131,10
DA:133,0
DA:134,0
DA:135,0
DA:136,0
DA:137,0
DA:138,0
DA:141,0
DA:145,10
DA:146,3
DA:147,2
DA:148,2
DA:151,1
DA:152,1
DA:154,1
DA:155,1
DA:156,1
DA:157,1
DA:158,1
DA:161,0
DA:165,10
DA:171,50
LF:85
LH:61
BRDA:45,0,0,10
BRDA:45,0,1,0
BRDA:54,1,0,1
BRDA:54,1,1,5
BRDA:64,2,0,0
BRDA:64,2,1,6
BRDA:75,3,0,0
BRDA:75,3,1,1
BRDA:75,4,0,1
BRDA:75,4,1,0
BRDA:91,5,0,1
BRDA:91,5,1,0
BRDA:105,6,0,0
BRDA:105,6,1,6
BRDA:113,7,0,1
BRDA:113,7,1,0
BRDA:117,8,0,0
BRDA:117,8,1,0
BRDA:121,9,0,0
BRDA:121,9,1,0
BRDA:135,10,0,0
BRDA:135,10,1,0
BRDA:146,11,0,2
BRDA:146,11,1,1
BRDA:154,12,0,1
BRDA:154,12,1,0
BRDA:171,13,0,10
BRDA:171,13,1,40
BRDA:181,14,0,4
BRDA:181,14,1,6
BRDA:184,15,0,2
BRDA:184,15,1,2
BRDA:198,16,0,0
BRDA:198,16,1,10
BRF:34
BRH:19
end_of_record
TN:
SF:src\components\BookDetails\Feedback.tsx
FN:10,Feedback
FN:12,(anonymous_1)
FN:19,(anonymous_2)
FN:32,(anonymous_3)
FNF:4
FNH:2
FNDA:10,Feedback
FNDA:6,(anonymous_1)
FNDA:0,(anonymous_2)
FNDA:0,(anonymous_3)
DA:12,10
DA:13,6
DA:16,10
DA:20,0
DA:33,0
LF:5
LH:3
BRDA:18,0,0,0
BRDA:18,0,1,10
BRDA:23,1,0,0
BRDA:23,1,1,0
BRDA:29,2,0,0
BRDA:29,2,1,0
BRDA:34,3,0,0
BRDA:34,3,1,0
BRF:8
BRH:1
end_of_record
TN:
SF:src\components\BookDetails\FeedbackForm.tsx
FN:10,FeedbackForm
FN:17,(anonymous_1)
FN:36,(anonymous_2)
FN:39,(anonymous_3)
FN:40,(anonymous_4)
FN:41,(anonymous_5)
FN:56,(anonymous_6)
FNF:7
FNH:2
FNDA:10,FeedbackForm
FNDA:0,(anonymous_1)
FNDA:50,(anonymous_2)
FNDA:0,(anonymous_3)
FNDA:0,(anonymous_4)
FNDA:0,(anonymous_5)
FNDA:0,(anonymous_6)
DA:11,10
DA:12,10
DA:13,10
DA:15,10
DA:17,10
DA:18,0
DA:19,0
DA:20,0
DA:21,0
DA:22,0
DA:23,0
DA:26,0
DA:30,10
DA:37,50
DA:39,0
DA:40,0
DA:41,0
DA:56,0
LF:18
LH:7
BRDA:20,0,0,0
BRDA:20,0,1,0
BRDA:44,1,0,0
BRDA:44,1,1,50
BRDA:44,2,0,50
BRDA:44,2,1,50
BRF:6
BRH:3
end_of_record
TN:
SF:src\components\Cart\AddressDetails.tsx
FN:23,(anonymous_0)
FN:41,(anonymous_1)
FN:48,(anonymous_2)
FN:55,(anonymous_3)
FN:62,(anonymous_4)
FN:69,(anonymous_5)
FN:80,(anonymous_6)
FN:85,(anonymous_7)
FN:108,(anonymous_8)
FN:130,(anonymous_9)
FN:220,(anonymous_10)
FN:226,(anonymous_11)
FN:236,(anonymous_12)
FN:337,(anonymous_13)
FNF:14
FNH:0
FNDA:0,(anonymous_0)
FNDA:0,(anonymous_1)
FNDA:0,(anonymous_2)
FNDA:0,(anonymous_3)
FNDA:0,(anonymous_4)
FNDA:0,(anonymous_5)
FNDA:0,(anonymous_6)
FNDA:0,(anonymous_7)
FNDA:0,(anonymous_8)
FNDA:0,(anonymous_9)
FNDA:0,(anonymous_10)
FNDA:0,(anonymous_11)
FNDA:0,(anonymous_12)
FNDA:0,(anonymous_13)
DA:3,1
DA:23,1
DA:24,0
DA:25,0
DA:26,0
DA:27,0
DA:28,0
DA:34,0
DA:41,0
DA:42,0
DA:48,0
DA:49,0
DA:55,0
DA:56,0
DA:62,0
DA:63,0
DA:69,0
DA:70,0
DA:71,0
DA:72,0
DA:80,0
DA:81,0
DA:82,0
DA:85,0
DA:86,0
DA:89,0
DA:108,0
DA:130,0
DA:221,0
DA:226,0
DA:236,0
DA:337,0
LF:32
LH:2
BRDA:26,0,0,0
BRDA:26,0,1,0
BRDA:124,1,0,0
BRDA:124,1,1,0
BRDA:230,2,0,0
BRDA:230,2,1,0
BRDA:239,3,0,0
BRDA:239,3,1,0
BRDA:242,4,0,0
BRDA:242,4,1,0
BRDA:257,5,0,0
BRDA:257,5,1,0
BRDA:268,6,0,0
BRDA:268,6,1,0
BRDA:279,7,0,0
BRDA:279,7,1,0
BRDA:338,8,0,0
BRDA:338,8,1,0
BRF:18
BRH:0
end_of_record
TN:
SF:src\components\Cart\CartSection.tsx
FN:16,(anonymous_0)
FN:22,(anonymous_1)
FN:25,(anonymous_2)
FN:25,(anonymous_3)
FN:29,(anonymous_4)
FN:40,(anonymous_5)
FN:54,(anonymous_6)
FNF:7
FNH:0
FNDA:0,(anonymous_0)
FNDA:0,(anonymous_1)
FNDA:0,(anonymous_2)
FNDA:0,(anonymous_3)
FNDA:0,(anonymous_4)
FNDA:0,(anonymous_5)
FNDA:0,(anonymous_6)
DA:16,1
DA:20,0
DA:22,0
DA:23,0
DA:25,0
DA:27,0
DA:29,0
DA:30,0
DA:31,0
DA:32,0
DA:33,0
DA:34,0
DA:36,0
DA:40,0
DA:41,0
DA:42,0
DA:43,0
DA:44,0
DA:45,0
DA:46,0
DA:49,0
DA:54,0
DA:55,0
DA:56,0
DA:57,0
DA:58,0
DA:59,0
DA:60,0
DA:62,0
DA:64,0
DA:69,0
LF:31
LH:1
BRDA:27,0,0,0
BRDA:27,0,1,0
BRDA:41,1,0,0
BRDA:41,1,1,0
BRDA:57,2,0,0
BRDA:57,2,1,0
BRDA:89,3,0,0
BRDA:89,3,1,0
BRF:8
BRH:0
end_of_record
TN:
SF:src\components\Cart\OrderSummary.tsx
FN:7,(anonymous_0)
FNF:1
FNH:0
FNDA:0,(anonymous_0)
DA:7,1
DA:8,0
LF:2
LH:1
BRF:0
BRH:0
end_of_record
TN:
SF:src\components\Common\BookLongCard.tsx
FN:15,BookLongCard
FN:18,(anonymous_1)
FN:34,(anonymous_2)
FNF:3
FNH:3
FNDA:3,BookLongCard
FNDA:1,(anonymous_1)
FNDA:1,(anonymous_2)
DA:16,3
DA:18,3
DA:19,1
DA:21,1
DA:23,1
DA:25,1
DA:31,1
DA:34,3
DA:35,1
DA:36,1
DA:37,1
DA:38,1
DA:39,1
DA:40,1
DA:43,0
DA:44,0
DA:48,3
LF:17
LH:15
BRDA:19,0,0,0
BRDA:19,0,1,1
BRDA:23,1,0,0
BRDA:23,1,1,1
BRDA:37,2,0,1
BRDA:37,2,1,0
BRDA:49,3,0,1
BRDA:49,3,1,2
BRDA:49,4,0,1
BRDA:49,4,1,2
BRDA:65,5,0,3
BRDA:65,5,1,1
BRDA:77,6,0,3
BRDA:77,6,1,1
BRF:14
BRH:11
end_of_record
TN:
SF:src\components\Common\Breadcrumbs.tsx
FN:8,(anonymous_0)
FN:22,(anonymous_1)
FNF:2
FNH:2
FNDA:12,(anonymous_0)
FNDA:12,(anonymous_1)
DA:8,2
DA:9,12
DA:17,12
DA:22,2
DA:23,12
LF:5
LH:5
BRDA:17,0,0,11
BRDA:17,0,1,1
BRDA:17,1,0,12
BRDA:17,1,1,0
BRDA:18,2,0,11
BRDA:18,2,1,0
BRDA:18,3,0,11
BRDA:18,3,1,0
BRDA:31,4,0,12
BRDA:31,4,1,1
BRF:10
BRH:7
end_of_record
TN:
SF:src\components\Common\Footer.tsx
FN:3,(anonymous_0)
FNF:1
FNH:1
FNDA:2,(anonymous_0)
DA:3,2
DA:4,2
LF:2
LH:2
BRF:0
BRH:0
end_of_record
TN:
SF:src\components\Common\Header.tsx
FN:20,(anonymous_0)
FN:27,(anonymous_1)
FN:28,(anonymous_2)
FN:30,(anonymous_3)
FN:31,(anonymous_4)
FN:37,(anonymous_5)
FN:38,(anonymous_6)
FN:44,(anonymous_7)
FN:70,(anonymous_8)
FNF:9
FNH:4
FNDA:9,(anonymous_0)
FNDA:17,(anonymous_1)
FNDA:17,(anonymous_2)
FNDA:0,(anonymous_3)
FNDA:0,(anonymous_4)
FNDA:0,(anonymous_5)
FNDA:0,(anonymous_6)
FNDA:0,(anonymous_7)
FNDA:1,(anonymous_8)
DA:20,3
DA:22,9
DA:23,9
DA:25,9
DA:27,17
DA:28,17
DA:30,9
DA:31,0
DA:32,0
DA:34,0
DA:37,9
DA:38,0
DA:39,0
DA:41,0
DA:44,9
DA:45,0
DA:46,0
DA:47,0
DA:48,0
DA:49,0
DA:50,0
DA:51,0
DA:54,9
DA:70,1
LF:24
LH:11
BRDA:65,0,0,9
BRDA:65,0,1,8
BRDA:76,1,0,9
BRDA:76,1,1,8
BRDA:89,2,0,8
BRDA:89,2,1,0
BRF:6
BRH:5
end_of_record
TN:
SF:src\components\Common\Placeholder.tsx
FN:6,Placeholder
FN:22,(anonymous_1)
FNF:2
FNH:2
FNDA:4,Placeholder
FNDA:1,(anonymous_1)
DA:8,4
DA:10,4
DA:22,1
LF:3
LH:3
BRF:0
BRH:0
end_of_record
TN:
SF:src\components\Common\ProfileDropdown.tsx
FN:8,ProfileDropdown
FN:13,(anonymous_1)
FN:17,(anonymous_2)
FN:25,(anonymous_3)
FN:31,(anonymous_4)
FNF:5
FNH:4
FNDA:19,ProfileDropdown
FNDA:10,(anonymous_1)
FNDA:0,(anonymous_2)
FNDA:10,(anonymous_3)
FNDA:1,(anonymous_4)
DA:9,19
DA:10,19
DA:13,19
DA:15,10
DA:17,10
DA:18,0
DA:22,10
DA:25,10
DA:26,10
DA:31,19
DA:32,1
DA:33,1
DA:34,1
DA:38,19
DA:56,19
DA:71,19
LF:16
LH:15
BRDA:74,0,0,4
BRDA:74,0,1,15
BRDA:83,1,0,19
BRDA:83,1,1,15
BRF:4
BRH:4
end_of_record
TN:
SF:src\components\Profile\ProfileEditForm.tsx
FN:10,ProfileEditForm
FN:15,(anonymous_1)
FN:28,(anonymous_2)
FNF:3
FNH:3
FNDA:13,ProfileEditForm
FNDA:4,(anonymous_1)
FNDA:2,(anonymous_2)
DA:3,1
DA:12,13
DA:13,13
DA:15,13
DA:16,4
DA:17,4
DA:23,13
DA:29,2
LF:8
LH:8
BRDA:29,0,0,0
BRDA:29,0,1,2
BRDA:30,1,0,2
BRDA:30,1,1,11
BRDA:33,2,0,13
BRDA:33,2,1,2
BRDA:43,3,0,11
BRDA:43,3,1,2
BRDA:47,4,0,11
BRDA:47,4,1,2
BRDA:51,5,0,11
BRDA:51,5,1,2
BRDA:55,6,0,11
BRDA:55,6,1,2
BRF:14
BRH:13
end_of_record
TN:
SF:src\context\SearchProvider.tsx
FN:9,(anonymous_0)
FN:14,(anonymous_1)
FNF:2
FNH:2
FNDA:2,(anonymous_0)
FNDA:2,(anonymous_1)
DA:3,3
DA:9,3
DA:11,2
DA:12,2
DA:14,2
DA:15,2
DA:23,2
LF:7
LH:7
BRF:0
BRH:0
end_of_record
TN:
SF:src\pages\Cart.tsx
FN:32,(anonymous_0)
FN:40,(anonymous_1)
FN:41,(anonymous_2)
FN:46,(anonymous_3)
FN:58,(anonymous_4)
FN:69,(anonymous_5)
FN:75,(anonymous_6)
FN:80,(anonymous_7)
FN:81,(anonymous_8)
FN:87,(anonymous_9)
FN:103,(anonymous_10)
FN:142,(anonymous_11)
FN:154,(anonymous_12)
FN:176,(anonymous_13)
FNF:14
FNH:5
FNDA:3,(anonymous_0)
FNDA:6,(anonymous_1)
FNDA:6,(anonymous_2)
FNDA:0,(anonymous_3)
FNDA:0,(anonymous_4)
FNDA:3,(anonymous_5)
FNDA:0,(anonymous_6)
FNDA:0,(anonymous_7)
FNDA:0,(anonymous_8)
FNDA:0,(anonymous_9)
FNDA:3,(anonymous_10)
FNDA:0,(anonymous_11)
FNDA:0,(anonymous_12)
FNDA:0,(anonymous_13)
DA:26,1
DA:32,1
DA:33,3
DA:34,3
DA:36,3
DA:37,3
DA:38,3
DA:40,6
DA:41,6
DA:44,3
DA:46,3
DA:47,0
DA:58,3
DA:59,0
DA:69,3
DA:70,3
DA:75,3
DA:76,0
DA:80,3
DA:81,0
DA:82,0
DA:85,0
DA:87,3
DA:88,0
DA:89,0
DA:90,0
DA:91,0
DA:92,0
DA:93,0
DA:95,0
DA:96,0
DA:99,0
DA:103,3
DA:104,3
DA:105,3
DA:106,3
DA:107,3
DA:108,1
DA:109,1
DA:112,0
DA:116,3
DA:117,2
DA:122,1
DA:143,0
DA:154,0
DA:177,0
LF:46
LH:27
BRDA:48,0,0,0
BRDA:48,0,1,0
BRDA:49,1,0,0
BRDA:49,1,1,0
BRDA:60,2,0,0
BRDA:60,2,1,0
BRDA:61,3,0,0
BRDA:61,3,1,0
BRDA:90,4,0,0
BRDA:90,4,1,0
BRDA:107,5,0,1
BRDA:107,5,1,2
BRDA:116,6,0,2
BRDA:116,6,1,1
BRDA:135,7,0,1
BRDA:135,7,1,0
BRDA:154,8,0,0
BRDA:154,8,1,1
BRDA:154,9,0,1
BRDA:154,9,1,0
BRDA:154,10,0,1
BRDA:154,10,1,0
BRDA:162,11,0,0
BRDA:162,11,1,1
BRDA:174,12,0,0
BRDA:174,12,1,1
BRF:26
BRH:10
end_of_record
TN:
SF:src\services\apiConnector.ts
FN:6,(anonymous_0)
FN:13,(anonymous_1)
FN:19,(anonymous_2)
FNF:3
FNH:0
FNDA:0,(anonymous_0)
FNDA:0,(anonymous_1)
FNDA:0,(anonymous_2)
DA:3,2
DA:5,2
DA:7,0
DA:8,0
DA:9,0
DA:11,0
DA:14,0
DA:15,0
DA:19,2
DA:20,0
LF:10
LH:3
BRDA:8,0,0,0
BRDA:8,0,1,0
BRDA:23,1,0,0
BRDA:23,1,1,0
BRF:4
BRH:0
end_of_record
TN:
SF:src\services\slice\bookSlice.ts
FN:24,(anonymous_0)
FN:27,(anonymous_1)
FN:30,(anonymous_2)
FNF:3
FNH:0
FNDA:0,(anonymous_0)
FNDA:0,(anonymous_1)
FNDA:0,(anonymous_2)
DA:15,3
DA:20,3
DA:25,0
DA:28,0
DA:31,0
DA:36,3
LF:6
LH:3
BRF:0
BRH:0
end_of_record
TN:
SF:src\services\slice\cartSlice.ts
FN:26,(anonymous_0)
FN:29,(anonymous_1)
FN:31,(anonymous_2)
FN:36,(anonymous_3)
FN:38,(anonymous_4)
FN:43,(anonymous_5)
FN:44,(anonymous_6)
FN:49,(anonymous_7)
FN:50,(anonymous_8)
FN:56,(anonymous_9)
FN:60,(anonymous_10)
FNF:11
FNH:0
FNDA:0,(anonymous_0)
FNDA:0,(anonymous_1)
FNDA:0,(anonymous_2)
FNDA:0,(anonymous_3)
FNDA:0,(anonymous_4)
FNDA:0,(anonymous_5)
FNDA:0,(anonymous_6)
FNDA:0,(anonymous_7)
FNDA:0,(anonymous_8)
FNDA:0,(anonymous_9)
FNDA:0,(anonymous_10)
DA:17,4
DA:22,4
DA:27,0
DA:30,0
DA:31,0
DA:32,0
DA:33,0
DA:37,0
DA:38,0
DA:39,0
DA:40,0
DA:44,0
DA:45,0
DA:46,0
DA:50,0
DA:51,0
DA:52,0
DA:53,0
DA:57,0
DA:58,0
DA:61,0
DA:66,4
LF:22
LH:3
BRDA:32,0,0,0
BRDA:32,0,1,0
BRDA:39,1,0,0
BRDA:39,1,1,0
BRDA:45,2,0,0
BRDA:45,2,1,0
BRDA:52,3,0,0
BRDA:52,3,1,0
BRF:8
BRH:0
end_of_record
TN:
SF:src\services\slice\orderSlice.ts
FN:11,(anonymous_0)
FN:14,(anonymous_1)
FNF:2
FNH:0
FNDA:0,(anonymous_0)
FNDA:0,(anonymous_1)
DA:3,3
DA:7,3
DA:12,0
DA:15,0
DA:20,3
LF:5
LH:3
BRF:0
BRH:0
end_of_record
TN:
SF:src\services\slice\rootReducer.ts
FNF:0
FNH:0
DA:7,3
LF:1
LH:1
BRF:0
BRH:0
end_of_record
TN:
SF:src\services\slice\wishlistSlice.ts
FN:23,(anonymous_0)
FN:25,(anonymous_1)
FN:30,(anonymous_2)
FN:32,(anonymous_3)
FN:37,(anonymous_4)
FN:40,(anonymous_5)
FNF:6
FNH:0
FNDA:0,(anonymous_0)
FNDA:0,(anonymous_1)
FNDA:0,(anonymous_2)
FNDA:0,(anonymous_3)
FNDA:0,(anonymous_4)
FNDA:0,(anonymous_5)
DA:14,5
DA:19,5
DA:24,0
DA:25,0
DA:26,0
DA:27,0
DA:31,0
DA:32,0
DA:33,0
DA:34,0
DA:38,0
DA:41,0
DA:46,5
LF:13
LH:3
BRDA:26,0,0,0
BRDA:26,0,1,0
BRDA:33,1,0,0
BRDA:33,1,1,0
BRF:4
BRH:0
end_of_record
