TN:
SF:src\store.ts
FN:15,(anonymous_0)
FNF:1
FNH:1
FNDA:3,(anonymous_0)
DA:6,3
DA:11,3
DA:13,3
DA:15,3
DA:22,3
LF:5
LH:5
BRF:0
BRH:0
end_of_record
TN:
SF:src\api\bookApi.ts
FN:5,(anonymous_0)
FN:15,(anonymous_1)
FN:26,(anonymous_2)
FN:37,(anonymous_3)
FN:48,(anonymous_4)
FN:59,(anonymous_5)
FN:70,(anonymous_6)
FN:82,(anonymous_7)
FN:93,(anonymous_8)
FN:111,(anonymous_9)
FN:123,(anonymous_10)
FNF:11
FNH:0
FNDA:0,(anonymous_0)
FNDA:0,(anonymous_1)
FNDA:0,(anonymous_2)
FNDA:0,(anonymous_3)
FNDA:0,(anonymous_4)
FNDA:0,(anonymous_5)
FNDA:0,(anonymous_6)
FNDA:0,(anonymous_7)
FNDA:0,(anonymous_8)
FNDA:0,(anonymous_9)
FNDA:0,(anonymous_10)
DA:3,2
DA:5,2
DA:6,0
DA:7,0
DA:8,0
DA:10,0
DA:11,0
DA:15,2
DA:16,0
DA:17,0
DA:18,0
DA:19,0
DA:21,0
DA:22,0
DA:26,2
DA:27,0
DA:28,0
DA:29,0
DA:30,0
DA:32,0
DA:33,0
DA:37,2
DA:38,0
DA:39,0
DA:40,0
DA:41,0
DA:43,0
DA:44,0
DA:48,2
DA:49,0
DA:50,0
DA:51,0
DA:52,0
DA:54,0
DA:55,0
DA:59,2
DA:60,0
DA:61,0
DA:62,0
DA:63,0
DA:65,0
DA:66,0
DA:70,2
DA:71,0
DA:72,0
DA:73,0
DA:74,0
DA:76,0
DA:77,0
DA:82,2
DA:83,0
DA:84,0
DA:85,0
DA:86,0
DA:88,0
DA:89,0
DA:93,2
DA:99,0
DA:100,0
DA:102,0
DA:103,0
DA:105,0
DA:106,0
DA:111,2
DA:112,0
DA:113,0
DA:114,0
DA:115,0
DA:117,0
DA:118,0
DA:123,2
DA:124,0
DA:125,0
DA:126,0
DA:127,0
DA:129,0
DA:130,0
LF:77
LH:12
BRF:0
BRH:0
end_of_record
TN:
SF:src\components\Auth\AuthTemplate.tsx
FN:12,AuthTemplate
FN:34,(anonymous_1)
FN:48,(anonymous_2)
FN:90,(anonymous_3)
FN:208,(anonymous_4)
FN:214,(anonymous_5)
FN:266,(anonymous_6)
FN:272,(anonymous_7)
FNF:8
FNH:5
FNDA:39,AuthTemplate
FNDA:18,(anonymous_1)
FNDA:6,(anonymous_2)
FNDA:6,(anonymous_3)
FNDA:0,(anonymous_4)
FNDA:0,(anonymous_5)
FNDA:0,(anonymous_6)
FNDA:1,(anonymous_7)
DA:13,39
DA:15,39
DA:16,39
DA:18,39
DA:27,39
DA:34,39
DA:35,18
DA:36,18
DA:40,18
DA:41,0
DA:48,39
DA:49,6
DA:50,6
DA:57,6
DA:58,1
DA:59,1
DA:62,6
DA:63,2
DA:64,2
DA:65,4
DA:66,2
DA:67,2
DA:70,6
DA:71,2
DA:72,2
DA:73,4
DA:74,0
DA:75,0
DA:78,6
DA:79,1
DA:80,1
DA:81,5
DA:82,1
DA:83,1
DA:86,6
DA:87,6
DA:90,39
DA:91,6
DA:93,6
DA:94,1
DA:95,1
DA:96,0
DA:97,0
DA:98,0
DA:99,0
DA:100,0
DA:101,0
DA:102,0
DA:105,0
DA:107,1
DA:108,1
DA:109,1
DA:116,0
DA:117,0
DA:118,0
DA:120,0
DA:123,1
DA:126,1
DA:127,1
DA:135,39
DA:208,0
DA:214,0
DA:266,0
DA:272,1
LF:64
LH:46
BRDA:40,0,0,0
BRDA:40,0,1,18
BRDA:57,1,0,1
BRDA:57,1,1,5
BRDA:57,2,0,6
BRDA:57,2,1,3
BRDA:62,3,0,2
BRDA:62,3,1,4
BRDA:65,4,0,2
BRDA:65,4,1,2
BRDA:70,5,0,2
BRDA:70,5,1,4
BRDA:73,6,0,0
BRDA:73,6,1,4
BRDA:78,7,0,1
BRDA:78,7,1,5
BRDA:78,8,0,6
BRDA:78,8,1,3
BRDA:81,9,0,1
BRDA:81,9,1,4
BRDA:81,10,0,5
BRDA:81,10,1,2
BRDA:93,11,0,5
BRDA:93,11,1,1
BRDA:95,12,0,0
BRDA:95,12,1,1
BRDA:98,13,0,0
BRDA:98,13,1,0
BRDA:105,14,0,0
BRDA:105,14,1,0
BRDA:107,15,0,1
BRDA:107,15,1,0
BRDA:116,16,0,0
BRDA:116,16,1,0
BRDA:154,17,0,18
BRDA:154,17,1,21
BRDA:155,18,0,39
BRDA:155,18,1,18
BRDA:160,19,0,21
BRDA:160,19,1,18
BRDA:161,20,0,39
BRDA:161,20,1,21
BRDA:168,21,0,39
BRDA:168,21,1,21
BRDA:180,22,0,21
BRDA:180,22,1,1
BRDA:192,23,0,21
BRDA:192,23,1,1
BRDA:199,24,0,0
BRDA:199,24,1,21
BRDA:205,25,0,0
BRDA:205,25,1,21
BRDA:219,26,0,21
BRDA:219,26,1,1
BRDA:231,27,0,21
BRDA:231,27,1,2
BRDA:238,28,0,39
BRDA:238,28,1,18
BRDA:250,29,0,18
BRDA:250,29,1,3
BRDA:258,30,0,1
BRDA:258,30,1,17
BRDA:263,31,0,1
BRDA:263,31,1,17
BRDA:276,32,0,18
BRDA:276,32,1,1
BRF:66
BRH:54
end_of_record
TN:
SF:src\components\Auth\LoginForm.tsx
FN:4,LoginForm
FNF:1
FNH:1
FNDA:2,LoginForm
DA:5,2
LF:1
LH:1
BRF:0
BRH:0
end_of_record
TN:
SF:src\components\Auth\RegisterForm.tsx
FN:4,RegisterForm
FNF:1
FNH:1
FNDA:2,RegisterForm
DA:5,2
LF:1
LH:1
BRF:0
BRH:0
end_of_record
TN:
SF:src\components\BookContainer\Book.tsx
FN:17,(anonymous_0)
FNF:1
FNH:1
FNDA:15,(anonymous_0)
DA:17,2
DA:18,15
LF:2
LH:2
BRF:0
BRH:0
end_of_record
TN:
SF:src\components\BookContainer\BookCatalogue.tsx
FN:26,(anonymous_0)
FN:29,(anonymous_1)
FN:30,(anonymous_2)
FN:36,(anonymous_3)
FN:40,(anonymous_4)
FN:48,(anonymous_5)
FN:52,(anonymous_6)
FN:58,(anonymous_7)
FN:68,(anonymous_8)
FN:70,(anonymous_9)
FN:79,(anonymous_10)
FN:96,(anonymous_11)
FNF:12
FNH:10
FNDA:12,(anonymous_0)
FNDA:23,(anonymous_1)
FNDA:23,(anonymous_2)
FNDA:11,(anonymous_3)
FNDA:11,(anonymous_4)
FNDA:11,(anonymous_5)
FNDA:0,(anonymous_6)
FNDA:1,(anonymous_7)
FNDA:11,(anonymous_8)
FNDA:2,(anonymous_9)
FNDA:0,(anonymous_10)
FNDA:15,(anonymous_11)
DA:21,2
DA:26,2
DA:27,12
DA:28,12
DA:29,23
DA:30,23
DA:33,12
DA:34,12
DA:36,12
DA:37,11
DA:40,12
DA:41,11
DA:42,11
DA:43,11
DA:44,11
DA:48,12
DA:49,11
DA:51,11
DA:52,0
DA:53,0
DA:54,0
DA:55,0
DA:57,11
DA:58,1
DA:59,1
DA:60,1
DA:61,1
DA:64,11
DA:68,12
DA:69,11
DA:70,1
DA:71,2
DA:76,12
DA:77,12
DA:79,12
DA:80,0
DA:81,0
DA:84,12
DA:85,1
DA:92,11
DA:97,15
LF:41
LH:35
BRDA:43,0,0,11
BRDA:43,0,1,3
BRDA:51,1,0,0
BRDA:51,1,1,11
BRDA:53,2,0,0
BRDA:53,2,1,0
BRDA:53,3,0,0
BRDA:53,3,1,0
BRDA:54,4,0,0
BRDA:54,4,1,0
BRDA:54,5,0,0
BRDA:54,5,1,0
BRDA:57,6,0,1
BRDA:57,6,1,10
BRDA:59,7,0,0
BRDA:59,7,1,1
BRDA:59,8,0,1
BRDA:59,8,1,0
BRDA:60,9,0,0
BRDA:60,9,1,1
BRDA:60,10,0,1
BRDA:60,10,1,0
BRDA:69,11,0,10
BRDA:69,11,1,1
BRDA:81,12,0,0
BRDA:81,12,1,0
BRDA:84,13,0,1
BRDA:84,13,1,11
BRDA:95,14,0,7
BRDA:95,14,1,4
BRDA:110,15,0,11
BRDA:110,15,1,1
BRF:32
BRH:17
end_of_record
TN:
SF:src\components\BookContainer\BookContainer.tsx
FN:10,(anonymous_0)
FN:12,(anonymous_1)
FN:21,(anonymous_2)
FN:26,(anonymous_3)
FN:31,(anonymous_4)
FN:36,(anonymous_5)
FN:41,(anonymous_6)
FN:56,(anonymous_7)
FNF:8
FNH:6
FNDA:3,(anonymous_0)
FNDA:5,(anonymous_1)
FNDA:0,(anonymous_2)
FNDA:1,(anonymous_3)
FNDA:0,(anonymous_4)
FNDA:1,(anonymous_5)
FNDA:3,(anonymous_6)
FNDA:1,(anonymous_7)
DA:10,1
DA:11,3
DA:12,5
DA:14,3
DA:17,3
DA:21,0
DA:26,1
DA:31,0
DA:36,3
DA:37,1
DA:38,1
DA:41,3
DA:42,3
DA:43,2
DA:44,2
DA:47,3
DA:56,1
LF:17
LH:15
BRDA:42,0,0,1
BRDA:42,0,1,2
BRDA:43,1,0,0
BRDA:43,1,1,2
BRF:4
BRH:3
end_of_record
TN:
SF:src\components\BookDetails\BookDetails.tsx
FN:33,BookDetails
FN:36,(anonymous_1)
FN:37,(anonymous_2)
FN:38,(anonymous_3)
FN:45,(anonymous_4)
FN:51,(anonymous_5)
FN:53,(anonymous_6)
FN:61,(anonymous_7)
FN:73,(anonymous_8)
FN:90,(anonymous_9)
FN:103,(anonymous_10)
FN:104,(anonymous_11)
FN:112,(anonymous_12)
FN:131,(anonymous_13)
FN:145,(anonymous_14)
FN:170,(anonymous_15)
FN:171,(anonymous_16)
FNF:17
FNH:17
FNDA:26,BookDetails
FNDA:40,(anonymous_1)
FNDA:40,(anonymous_2)
FNDA:40,(anonymous_3)
FNDA:26,(anonymous_4)
FNDA:14,(anonymous_5)
FNDA:3,(anonymous_6)
FNDA:14,(anonymous_7)
FNDA:2,(anonymous_8)
FNDA:2,(anonymous_9)
FNDA:15,(anonymous_10)
FNDA:2,(anonymous_11)
FNDA:2,(anonymous_12)
FNDA:1,(anonymous_13)
FNDA:3,(anonymous_14)
FNDA:130,(anonymous_15)
FNDA:1,(anonymous_16)
DA:20,1
DA:34,26
DA:35,26
DA:36,40
DA:37,40
DA:38,40
DA:40,26
DA:42,26
DA:43,26
DA:44,26
DA:45,26
DA:47,26
DA:48,26
DA:49,26
DA:51,26
DA:52,14
DA:53,14
DA:54,14
DA:55,3
DA:56,3
DA:61,26
DA:62,14
DA:63,14
DA:64,12
DA:65,1
DA:68,2
DA:73,26
DA:75,2
DA:76,1
DA:77,1
DA:79,1
DA:80,1
DA:81,1
DA:82,1
DA:83,1
DA:84,1
DA:86,0
DA:90,26
DA:91,2
DA:92,1
DA:93,1
DA:94,1
DA:95,1
DA:96,1
DA:98,0
DA:103,26
DA:104,15
DA:105,15
DA:106,2
DA:107,2
DA:109,13
DA:112,26
DA:113,2
DA:114,1
DA:115,1
DA:117,1
DA:119,1
DA:120,1
DA:121,1
DA:122,1
DA:123,1
DA:124,1
DA:127,0
DA:131,26
DA:133,1
DA:134,1
DA:135,1
DA:136,1
DA:137,1
DA:138,1
DA:141,0
DA:145,26
DA:146,3
DA:147,1
DA:148,1
DA:151,2
DA:152,2
DA:154,2
DA:155,2
DA:156,2
DA:157,2
DA:158,2
DA:161,0
DA:165,26
DA:171,130
LF:85
LH:80
BRDA:45,0,0,26
BRDA:45,0,1,0
BRDA:54,1,0,3
BRDA:54,1,1,11
BRDA:64,2,0,1
BRDA:64,2,1,11
BRDA:75,3,0,1
BRDA:75,3,1,1
BRDA:75,4,0,2
BRDA:75,4,1,0
BRDA:91,5,0,1
BRDA:91,5,1,1
BRDA:105,6,0,2
BRDA:105,6,1,13
BRDA:113,7,0,1
BRDA:113,7,1,1
BRDA:117,8,0,0
BRDA:117,8,1,1
BRDA:121,9,0,1
BRDA:121,9,1,0
BRDA:135,10,0,1
BRDA:135,10,1,0
BRDA:146,11,0,1
BRDA:146,11,1,2
BRDA:154,12,0,2
BRDA:154,12,1,0
BRDA:171,13,0,26
BRDA:171,13,1,104
BRDA:181,14,0,7
BRDA:181,14,1,19
BRDA:184,15,0,4
BRDA:184,15,1,3
BRDA:198,16,0,3
BRDA:198,16,1,23
BRF:34
BRH:28
end_of_record
TN:
SF:src\components\BookDetails\Feedback.tsx
FN:10,Feedback
FN:12,(anonymous_1)
FN:19,(anonymous_2)
FN:32,(anonymous_3)
FNF:4
FNH:4
FNDA:31,Feedback
FNDA:19,(anonymous_1)
FNDA:8,(anonymous_2)
FNDA:40,(anonymous_3)
DA:12,31
DA:13,19
DA:16,31
DA:20,8
DA:33,40
LF:5
LH:5
BRDA:18,0,0,4
BRDA:18,0,1,27
BRDA:23,1,0,8
BRDA:23,1,1,0
BRDA:29,2,0,8
BRDA:29,2,1,0
BRDA:34,3,0,36
BRDA:34,3,1,4
BRF:8
BRH:6
end_of_record
TN:
SF:src\components\BookDetails\FeedbackForm.tsx
FN:10,FeedbackForm
FN:17,(anonymous_1)
FN:36,(anonymous_2)
FN:39,(anonymous_3)
FN:40,(anonymous_4)
FN:41,(anonymous_5)
FN:56,(anonymous_6)
FNF:7
FNH:7
FNDA:39,FeedbackForm
FNDA:2,(anonymous_1)
FNDA:195,(anonymous_2)
FNDA:1,(anonymous_3)
FNDA:1,(anonymous_4)
FNDA:2,(anonymous_5)
FNDA:2,(anonymous_6)
DA:11,39
DA:12,39
DA:13,39
DA:15,39
DA:17,39
DA:18,2
DA:19,2
DA:20,1
DA:21,1
DA:22,1
DA:23,1
DA:26,1
DA:30,39
DA:37,195
DA:39,1
DA:40,1
DA:41,2
DA:56,2
LF:18
LH:18
BRDA:20,0,0,1
BRDA:20,0,1,0
BRDA:44,1,0,17
BRDA:44,1,1,178
BRDA:44,2,0,195
BRDA:44,2,1,190
BRF:6
BRH:5
end_of_record
TN:
SF:src\components\Cart\AddressDetails.tsx
FN:23,(anonymous_0)
FN:41,(anonymous_1)
FN:48,(anonymous_2)
FN:55,(anonymous_3)
FN:62,(anonymous_4)
FN:69,(anonymous_5)
FN:80,(anonymous_6)
FN:85,(anonymous_7)
FN:108,(anonymous_8)
FN:130,(anonymous_9)
FN:220,(anonymous_10)
FN:226,(anonymous_11)
FN:236,(anonymous_12)
FN:338,(anonymous_13)
FNF:14
FNH:6
FNDA:10,(anonymous_0)
FNDA:0,(anonymous_1)
FNDA:1,(anonymous_2)
FNDA:1,(anonymous_3)
FNDA:0,(anonymous_4)
FNDA:0,(anonymous_5)
FNDA:2,(anonymous_6)
FNDA:0,(anonymous_7)
FNDA:0,(anonymous_8)
FNDA:0,(anonymous_9)
FNDA:20,(anonymous_10)
FNDA:0,(anonymous_11)
FNDA:0,(anonymous_12)
FNDA:1,(anonymous_13)
DA:3,2
DA:23,2
DA:24,10
DA:25,10
DA:26,10
DA:27,10
DA:28,10
DA:34,10
DA:41,10
DA:42,0
DA:48,10
DA:49,1
DA:55,10
DA:56,1
DA:62,10
DA:63,0
DA:69,10
DA:70,0
DA:71,0
DA:72,0
DA:80,10
DA:81,2
DA:82,2
DA:85,10
DA:86,0
DA:89,10
DA:108,0
DA:130,0
DA:221,20
DA:226,0
DA:236,0
DA:338,1
LF:32
LH:22
BRDA:26,0,0,10
BRDA:26,0,1,10
BRDA:124,1,0,10
BRDA:124,1,1,3
BRDA:230,2,0,10
BRDA:230,2,1,10
BRDA:239,3,0,0
BRDA:239,3,1,10
BRDA:242,4,0,10
BRDA:242,4,1,0
BRDA:257,5,0,0
BRDA:257,5,1,10
BRDA:268,6,0,0
BRDA:268,6,1,10
BRDA:279,7,0,0
BRDA:279,7,1,10
BRDA:339,8,0,0
BRDA:339,8,1,10
BRF:18
BRH:12
end_of_record
TN:
SF:src\components\Cart\CartSection.tsx
FN:17,(anonymous_0)
FN:23,(anonymous_1)
FN:26,(anonymous_2)
FN:26,(anonymous_3)
FN:30,(anonymous_4)
FN:41,(anonymous_5)
FN:55,(anonymous_6)
FNF:7
FNH:7
FNDA:12,(anonymous_0)
FNDA:21,(anonymous_1)
FNDA:21,(anonymous_2)
FNDA:21,(anonymous_3)
FNDA:2,(anonymous_4)
FNDA:2,(anonymous_5)
FNDA:2,(anonymous_6)
DA:17,2
DA:21,12
DA:23,21
DA:24,12
DA:26,21
DA:28,12
DA:30,12
DA:31,2
DA:32,2
DA:33,2
DA:34,2
DA:35,1
DA:37,1
DA:41,12
DA:42,2
DA:43,1
DA:44,1
DA:45,1
DA:46,1
DA:47,1
DA:50,0
DA:55,12
DA:56,2
DA:57,2
DA:58,1
DA:59,1
DA:60,1
DA:61,1
DA:63,1
DA:65,1
DA:70,12
LF:31
LH:30
BRDA:28,0,0,12
BRDA:28,0,1,0
BRDA:42,1,0,1
BRDA:42,1,1,1
BRDA:58,2,0,1
BRDA:58,2,1,0
BRDA:90,3,0,2
BRDA:90,3,1,10
BRF:8
BRH:6
end_of_record
TN:
SF:src\components\Cart\OrderSummary.tsx
FN:7,(anonymous_0)
FNF:1
FNH:1
FNDA:5,(anonymous_0)
DA:7,2
DA:8,5
LF:2
LH:2
BRF:0
BRH:0
end_of_record
TN:
SF:src\components\Common\BookLongCard.tsx
FN:15,BookLongCard
FN:18,(anonymous_1)
FN:34,(anonymous_2)
FNF:3
FNH:3
FNDA:3,BookLongCard
FNDA:1,(anonymous_1)
FNDA:1,(anonymous_2)
DA:16,3
DA:18,3
DA:19,1
DA:21,1
DA:23,1
DA:25,1
DA:31,1
DA:34,3
DA:35,1
DA:36,1
DA:37,1
DA:38,1
DA:39,1
DA:40,1
DA:43,0
DA:44,0
DA:48,3
LF:17
LH:15
BRDA:19,0,0,0
BRDA:19,0,1,1
BRDA:23,1,0,0
BRDA:23,1,1,1
BRDA:37,2,0,1
BRDA:37,2,1,0
BRDA:49,3,0,1
BRDA:49,3,1,2
BRDA:49,4,0,1
BRDA:49,4,1,2
BRDA:65,5,0,3
BRDA:65,5,1,1
BRDA:77,6,0,3
BRDA:77,6,1,1
BRF:14
BRH:11
end_of_record
TN:
SF:src\components\Common\Breadcrumbs.tsx
FN:8,(anonymous_0)
FN:22,(anonymous_1)
FNF:2
FNH:2
FNDA:14,(anonymous_0)
FNDA:14,(anonymous_1)
DA:8,2
DA:9,14
DA:17,14
DA:22,2
DA:23,14
LF:5
LH:5
BRDA:17,0,0,13
BRDA:17,0,1,1
BRDA:17,1,0,14
BRDA:17,1,1,0
BRDA:18,2,0,13
BRDA:18,2,1,0
BRDA:18,3,0,13
BRDA:18,3,1,0
BRDA:31,4,0,14
BRDA:31,4,1,1
BRF:10
BRH:7
end_of_record
TN:
SF:src\components\Common\Footer.tsx
FN:3,(anonymous_0)
FNF:1
FNH:1
FNDA:4,(anonymous_0)
DA:3,2
DA:4,4
LF:2
LH:2
BRF:0
BRH:0
end_of_record
TN:
SF:src\components\Common\Header.tsx
FN:20,(anonymous_0)
FN:27,(anonymous_1)
FN:28,(anonymous_2)
FN:30,(anonymous_3)
FN:31,(anonymous_4)
FN:37,(anonymous_5)
FN:38,(anonymous_6)
FN:44,(anonymous_7)
FN:70,(anonymous_8)
FNF:9
FNH:7
FNDA:21,(anonymous_0)
FNDA:39,(anonymous_1)
FNDA:39,(anonymous_2)
FNDA:1,(anonymous_3)
FNDA:0,(anonymous_4)
FNDA:1,(anonymous_5)
FNDA:0,(anonymous_6)
FNDA:1,(anonymous_7)
FNDA:1,(anonymous_8)
DA:20,3
DA:22,21
DA:23,21
DA:25,21
DA:27,39
DA:28,39
DA:30,21
DA:31,1
DA:32,0
DA:34,1
DA:37,21
DA:38,1
DA:39,0
DA:41,1
DA:44,21
DA:45,1
DA:46,1
DA:47,1
DA:48,1
DA:49,1
DA:50,1
DA:51,1
DA:54,21
DA:70,1
LF:24
LH:22
BRDA:65,0,0,21
BRDA:65,0,1,20
BRDA:76,1,0,21
BRDA:76,1,1,20
BRDA:89,2,0,20
BRDA:89,2,1,0
BRF:6
BRH:5
end_of_record
TN:
SF:src\components\Common\Placeholder.tsx
FN:6,Placeholder
FN:22,(anonymous_1)
FNF:2
FNH:2
FNDA:12,Placeholder
FNDA:1,(anonymous_1)
DA:8,12
DA:10,12
DA:22,1
LF:3
LH:3
BRF:0
BRH:0
end_of_record
TN:
SF:src\components\Common\ProfileDropdown.tsx
FN:8,ProfileDropdown
FN:13,(anonymous_1)
FN:17,(anonymous_2)
FN:25,(anonymous_3)
FN:31,(anonymous_4)
FNF:5
FNH:4
FNDA:25,ProfileDropdown
FNDA:17,(anonymous_1)
FNDA:0,(anonymous_2)
FNDA:17,(anonymous_3)
FNDA:1,(anonymous_4)
DA:9,25
DA:10,25
DA:13,25
DA:15,17
DA:17,17
DA:18,0
DA:22,17
DA:25,17
DA:26,17
DA:31,25
DA:32,1
DA:33,1
DA:34,1
DA:38,25
DA:56,25
DA:71,25
LF:16
LH:15
BRDA:74,0,0,4
BRDA:74,0,1,21
BRDA:83,1,0,25
BRDA:83,1,1,21
BRF:4
BRH:4
end_of_record
TN:
SF:src\components\Profile\AddressForm.tsx
FN:19,(anonymous_0)
FN:28,(anonymous_1)
FNF:2
FNH:2
FNDA:4,(anonymous_0)
FNDA:8,(anonymous_1)
DA:4,1
DA:19,1
DA:20,4
DA:29,8
LF:4
LH:4
BRF:0
BRH:0
end_of_record
TN:
SF:src\components\Profile\AddressList.tsx
FN:8,AddressList
FN:18,(anonymous_1)
FN:25,(anonymous_2)
FN:37,(anonymous_3)
FNF:4
FNH:2
FNDA:18,AddressList
FNDA:0,(anonymous_1)
FNDA:0,(anonymous_2)
FNDA:2,(anonymous_3)
DA:10,18
DA:11,18
DA:18,18
DA:19,0
DA:25,18
DA:26,0
DA:32,18
DA:38,2
LF:8
LH:6
BRDA:38,0,0,0
BRDA:38,0,1,2
BRDA:39,1,0,2
BRDA:39,1,1,16
BRDA:42,2,0,18
BRDA:42,2,1,2
BRDA:56,3,0,2
BRDA:56,3,1,16
BRDA:68,4,0,2
BRDA:68,4,1,16
BRDA:80,5,0,2
BRDA:80,5,1,16
BRF:12
BRH:11
end_of_record
TN:
SF:src\components\Profile\ProfileEditForm.tsx
FN:10,ProfileEditForm
FN:15,(anonymous_1)
FN:28,(anonymous_2)
FNF:3
FNH:3
FNDA:13,ProfileEditForm
FNDA:4,(anonymous_1)
FNDA:2,(anonymous_2)
DA:3,1
DA:12,13
DA:13,13
DA:15,13
DA:16,4
DA:17,4
DA:23,13
DA:29,2
LF:8
LH:8
BRDA:29,0,0,0
BRDA:29,0,1,2
BRDA:30,1,0,2
BRDA:30,1,1,11
BRDA:33,2,0,13
BRDA:33,2,1,2
BRDA:43,3,0,11
BRDA:43,3,1,2
BRDA:47,4,0,11
BRDA:47,4,1,2
BRDA:51,5,0,11
BRDA:51,5,1,2
BRDA:55,6,0,11
BRDA:55,6,1,2
BRF:14
BRH:13
end_of_record
TN:
SF:src\context\SearchProvider.tsx
FN:9,(anonymous_0)
FN:14,(anonymous_1)
FNF:2
FNH:2
FNDA:3,(anonymous_0)
FNDA:3,(anonymous_1)
DA:3,5
DA:9,5
DA:11,3
DA:12,3
DA:14,3
DA:15,3
DA:23,3
LF:7
LH:7
BRF:0
BRH:0
end_of_record
TN:
SF:src\pages\Cart.tsx
FN:32,(anonymous_0)
FN:40,(anonymous_1)
FN:45,(anonymous_2)
FN:57,(anonymous_3)
FN:68,(anonymous_4)
FN:74,(anonymous_5)
FN:79,(anonymous_6)
FN:80,(anonymous_7)
FN:86,(anonymous_8)
FN:102,(anonymous_9)
FN:141,(anonymous_10)
FN:153,(anonymous_11)
FN:175,(anonymous_12)
FN:184,(anonymous_13)
FNF:14
FNH:4
FNDA:13,(anonymous_0)
FNDA:25,(anonymous_1)
FNDA:0,(anonymous_2)
FNDA:0,(anonymous_3)
FNDA:12,(anonymous_4)
FNDA:0,(anonymous_5)
FNDA:0,(anonymous_6)
FNDA:0,(anonymous_7)
FNDA:0,(anonymous_8)
FNDA:12,(anonymous_9)
FNDA:0,(anonymous_10)
FNDA:0,(anonymous_11)
FNDA:0,(anonymous_12)
FNDA:0,(anonymous_13)
DA:26,1
DA:32,1
DA:33,13
DA:34,13
DA:36,13
DA:37,13
DA:38,13
DA:40,25
DA:43,13
DA:45,13
DA:46,0
DA:57,13
DA:58,0
DA:68,13
DA:69,12
DA:74,13
DA:75,0
DA:79,13
DA:80,0
DA:81,0
DA:84,0
DA:86,13
DA:87,0
DA:88,0
DA:89,0
DA:90,0
DA:91,0
DA:92,0
DA:94,0
DA:95,0
DA:98,0
DA:102,13
DA:103,12
DA:104,12
DA:105,12
DA:106,12
DA:107,10
DA:108,10
DA:111,0
DA:115,13
DA:116,10
DA:121,3
DA:142,0
DA:153,0
DA:176,0
DA:184,0
LF:46
LH:26
BRDA:47,0,0,0
BRDA:47,0,1,0
BRDA:48,1,0,0
BRDA:48,1,1,0
BRDA:59,2,0,0
BRDA:59,2,1,0
BRDA:60,3,0,0
BRDA:60,3,1,0
BRDA:89,4,0,0
BRDA:89,4,1,0
BRDA:106,5,0,10
BRDA:106,5,1,2
BRDA:115,6,0,10
BRDA:115,6,1,3
BRDA:134,7,0,3
BRDA:134,7,1,0
BRDA:153,8,0,0
BRDA:153,8,1,3
BRDA:153,9,0,3
BRDA:153,9,1,0
BRDA:153,10,0,3
BRDA:153,10,1,0
BRDA:161,11,0,0
BRDA:161,11,1,3
BRDA:173,12,0,0
BRDA:173,12,1,3
BRDA:184,13,0,0
BRDA:184,13,1,0
BRF:28
BRH:10
end_of_record
TN:
SF:src\services\apiConnector.ts
FN:6,(anonymous_0)
FN:13,(anonymous_1)
FN:19,(anonymous_2)
FNF:3
FNH:0
FNDA:0,(anonymous_0)
FNDA:0,(anonymous_1)
FNDA:0,(anonymous_2)
DA:3,2
DA:5,2
DA:7,0
DA:8,0
DA:9,0
DA:11,0
DA:14,0
DA:15,0
DA:19,2
DA:20,0
LF:10
LH:3
BRDA:8,0,0,0
BRDA:8,0,1,0
BRDA:23,1,0,0
BRDA:23,1,1,0
BRF:4
BRH:0
end_of_record
TN:
SF:src\services\slice\bookSlice.ts
FN:24,(anonymous_0)
FN:27,(anonymous_1)
FN:30,(anonymous_2)
FNF:3
FNH:0
FNDA:0,(anonymous_0)
FNDA:0,(anonymous_1)
FNDA:0,(anonymous_2)
DA:15,5
DA:20,5
DA:25,0
DA:28,0
DA:31,0
DA:36,5
LF:6
LH:3
BRF:0
BRH:0
end_of_record
TN:
SF:src\services\slice\cartSlice.ts
FN:26,(anonymous_0)
FN:29,(anonymous_1)
FN:31,(anonymous_2)
FN:36,(anonymous_3)
FN:38,(anonymous_4)
FN:43,(anonymous_5)
FN:44,(anonymous_6)
FN:49,(anonymous_7)
FN:50,(anonymous_8)
FN:56,(anonymous_9)
FN:60,(anonymous_10)
FNF:11
FNH:0
FNDA:0,(anonymous_0)
FNDA:0,(anonymous_1)
FNDA:0,(anonymous_2)
FNDA:0,(anonymous_3)
FNDA:0,(anonymous_4)
FNDA:0,(anonymous_5)
FNDA:0,(anonymous_6)
FNDA:0,(anonymous_7)
FNDA:0,(anonymous_8)
FNDA:0,(anonymous_9)
FNDA:0,(anonymous_10)
DA:17,5
DA:22,5
DA:27,0
DA:30,0
DA:31,0
DA:32,0
DA:33,0
DA:37,0
DA:38,0
DA:39,0
DA:40,0
DA:44,0
DA:45,0
DA:46,0
DA:50,0
DA:51,0
DA:52,0
DA:53,0
DA:57,0
DA:58,0
DA:61,0
DA:66,5
LF:22
LH:3
BRDA:32,0,0,0
BRDA:32,0,1,0
BRDA:39,1,0,0
BRDA:39,1,1,0
BRDA:45,2,0,0
BRDA:45,2,1,0
BRDA:52,3,0,0
BRDA:52,3,1,0
BRF:8
BRH:0
end_of_record
TN:
SF:src\services\slice\orderSlice.ts
FN:11,(anonymous_0)
FN:14,(anonymous_1)
FNF:2
FNH:0
FNDA:0,(anonymous_0)
FNDA:0,(anonymous_1)
DA:3,3
DA:7,3
DA:12,0
DA:15,0
DA:20,3
LF:5
LH:3
BRF:0
BRH:0
end_of_record
TN:
SF:src\services\slice\rootReducer.ts
FNF:0
FNH:0
DA:7,3
LF:1
LH:1
BRF:0
BRH:0
end_of_record
TN:
SF:src\services\slice\wishlistSlice.ts
FN:23,(anonymous_0)
FN:25,(anonymous_1)
FN:30,(anonymous_2)
FN:32,(anonymous_3)
FN:37,(anonymous_4)
FN:40,(anonymous_5)
FNF:6
FNH:0
FNDA:0,(anonymous_0)
FNDA:0,(anonymous_1)
FNDA:0,(anonymous_2)
FNDA:0,(anonymous_3)
FNDA:0,(anonymous_4)
FNDA:0,(anonymous_5)
DA:14,5
DA:19,5
DA:24,0
DA:25,0
DA:26,0
DA:27,0
DA:31,0
DA:32,0
DA:33,0
DA:34,0
DA:38,0
DA:41,0
DA:46,5
LF:13
LH:3
BRDA:26,0,0,0
BRDA:26,0,1,0
BRDA:33,1,0,0
BRDA:33,1,1,0
BRF:4
BRH:0
end_of_record
